{"/Users/maxeskell/Development/wdi-group-project/index.js":{"path":"/Users/maxeskell/Development/wdi-group-project/index.js","s":{"1":1,"2":1,"3":1,"4":1,"5":1,"6":1,"7":1,"8":1,"9":1,"10":1,"11":1,"12":1,"13":1,"14":0,"15":1,"16":1,"17":1,"18":1,"19":1,"20":0,"21":1,"22":1,"23":1,"24":1},"b":{"1":[0,1]},"f":{},"fnMap":{},"statementMap":{"1":{"start":{"line":1,"column":0},"end":{"line":1,"column":35}},"2":{"start":{"line":2,"column":0},"end":{"line":2,"column":33}},"3":{"start":{"line":3,"column":0},"end":{"line":3,"column":42}},"4":{"start":{"line":4,"column":0},"end":{"line":4,"column":37}},"5":{"start":{"line":5,"column":0},"end":{"line":5,"column":47}},"6":{"start":{"line":6,"column":0},"end":{"line":6,"column":39}},"7":{"start":{"line":7,"column":0},"end":{"line":11,"column":36}},"8":{"start":{"line":12,"column":0},"end":{"line":12,"column":42}},"9":{"start":{"line":13,"column":0},"end":{"line":13,"column":57}},"10":{"start":{"line":14,"column":0},"end":{"line":14,"column":51}},"11":{"start":{"line":16,"column":0},"end":{"line":16,"column":22}},"12":{"start":{"line":18,"column":0},"end":{"line":18,"column":24}},"13":{"start":{"line":20,"column":0},"end":{"line":20,"column":43}},"14":{"start":{"line":20,"column":20},"end":{"line":20,"column":43}},"15":{"start":{"line":22,"column":0},"end":{"line":22,"column":47}},"16":{"start":{"line":23,"column":0},"end":{"line":25,"column":4}},"17":{"start":{"line":27,"column":0},"end":{"line":27,"column":25}},"18":{"start":{"line":28,"column":0},"end":{"line":28,"column":24}},"19":{"start":{"line":29,"column":0},"end":{"line":29,"column":76}},"20":{"start":{"line":29,"column":28},"end":{"line":29,"column":74}},"21":{"start":{"line":31,"column":0},"end":{"line":31,"column":22}},"22":{"start":{"line":33,"column":0},"end":{"line":33,"column":76}},"23":{"start":{"line":33,"column":23},"end":{"line":33,"column":74}},"24":{"start":{"line":35,"column":0},"end":{"line":35,"column":21}}},"branchMap":{"1":{"line":20,"type":"if","locations":[{"start":{"line":20,"column":0},"end":{"line":20,"column":0}},{"start":{"line":20,"column":0},"end":{"line":20,"column":0}}]}}},"/Users/maxeskell/Development/wdi-group-project/lib/globalToJSON.js":{"path":"/Users/maxeskell/Development/wdi-group-project/lib/globalToJSON.js","s":{"1":1,"2":3,"3":11,"4":11,"5":1},"b":{},"f":{"1":3,"2":11},"fnMap":{"1":{"name":"globalToJSON","line":1,"loc":{"start":{"line":1,"column":0},"end":{"line":1,"column":30}}},"2":{"name":"(anonymous_2)","line":4,"loc":{"start":{"line":4,"column":13},"end":{"line":4,"column":25}}}},"statementMap":{"1":{"start":{"line":1,"column":0},"end":{"line":9,"column":1}},"2":{"start":{"line":2,"column":2},"end":{"line":8,"column":5}},"3":{"start":{"line":5,"column":6},"end":{"line":5,"column":22}},"4":{"start":{"line":6,"column":6},"end":{"line":6,"column":22}},"5":{"start":{"line":11,"column":0},"end":{"line":11,"column":30}}},"branchMap":{}},"/Users/maxeskell/Development/wdi-group-project/config/environment.js":{"path":"/Users/maxeskell/Development/wdi-group-project/config/environment.js","s":{"1":1,"2":1,"3":1,"4":1,"5":1},"b":{"1":[1,1],"2":[1,0],"3":[1,1],"4":[1,1]},"f":{},"fnMap":{},"statementMap":{"1":{"start":{"line":1,"column":0},"end":{"line":1,"column":38}},"2":{"start":{"line":2,"column":0},"end":{"line":2,"column":50}},"3":{"start":{"line":3,"column":0},"end":{"line":3,"column":79}},"4":{"start":{"line":4,"column":0},"end":{"line":4,"column":61}},"5":{"start":{"line":6,"column":0},"end":{"line":11,"column":2}}},"branchMap":{"1":{"line":1,"type":"binary-expr","locations":[{"start":{"line":1,"column":13},"end":{"line":1,"column":29}},{"start":{"line":1,"column":33},"end":{"line":1,"column":37}}]},"2":{"line":2,"type":"binary-expr","locations":[{"start":{"line":2,"column":12},"end":{"line":2,"column":32}},{"start":{"line":2,"column":36},"end":{"line":2,"column":49}}]},"3":{"line":3,"type":"binary-expr","locations":[{"start":{"line":3,"column":14},"end":{"line":3,"column":37}},{"start":{"line":3,"column":41},"end":{"line":3,"column":78}}]},"4":{"line":4,"type":"binary-expr","locations":[{"start":{"line":4,"column":15},"end":{"line":4,"column":33}},{"start":{"line":4,"column":37},"end":{"line":4,"column":60}}]}}},"/Users/maxeskell/Development/wdi-group-project/config/routes.js":{"path":"/Users/maxeskell/Development/wdi-group-project/config/routes.js","s":{"1":1,"2":1,"3":1,"4":1,"5":1,"6":1,"7":1,"8":1,"9":1,"10":1,"11":1,"12":1,"13":1,"14":1,"15":1,"16":1,"17":1,"18":0,"19":1},"b":{},"f":{},"fnMap":{},"statementMap":{"1":{"start":{"line":1,"column":0},"end":{"line":1,"column":43}},"2":{"start":{"line":2,"column":0},"end":{"line":2,"column":48}},"3":{"start":{"line":3,"column":0},"end":{"line":3,"column":46}},"4":{"start":{"line":4,"column":0},"end":{"line":4,"column":44}},"5":{"start":{"line":5,"column":0},"end":{"line":5,"column":46}},"6":{"start":{"line":6,"column":0},"end":{"line":6,"column":50}},"7":{"start":{"line":7,"column":0},"end":{"line":7,"column":50}},"8":{"start":{"line":9,"column":0},"end":{"line":11,"column":49}},"9":{"start":{"line":13,"column":0},"end":{"line":17,"column":38}},"10":{"start":{"line":19,"column":0},"end":{"line":22,"column":37}},"11":{"start":{"line":24,"column":0},"end":{"line":25,"column":40}},"12":{"start":{"line":27,"column":0},"end":{"line":28,"column":32}},"13":{"start":{"line":30,"column":0},"end":{"line":31,"column":36}},"14":{"start":{"line":33,"column":0},"end":{"line":34,"column":20}},"15":{"start":{"line":36,"column":0},"end":{"line":37,"column":22}},"16":{"start":{"line":39,"column":0},"end":{"line":40,"column":24}},"17":{"start":{"line":43,"column":0},"end":{"line":43,"column":46}},"18":{"start":{"line":43,"column":30},"end":{"line":43,"column":44}},"19":{"start":{"line":45,"column":0},"end":{"line":45,"column":24}}},"branchMap":{}},"/Users/maxeskell/Development/wdi-group-project/controllers/trails.js":{"path":"/Users/maxeskell/Development/wdi-group-project/controllers/trails.js","s":{"1":1,"2":1,"3":4,"4":4,"5":1,"6":1,"7":0,"8":1,"9":1,"10":1,"11":1,"12":0,"13":0,"14":0,"15":0,"16":0,"17":0,"18":0,"19":0,"20":0,"21":0,"22":1,"23":0,"24":0,"25":0,"26":0,"27":1,"28":0,"29":0,"30":0,"31":0,"32":0,"33":1,"34":0,"35":0,"36":0,"37":0,"38":0,"39":0,"40":0,"41":0,"42":1,"43":0,"44":0,"45":0,"46":0,"47":0,"48":0,"49":0,"50":1},"b":{"1":[0,1],"2":[0,0],"3":[0,0],"4":[0,0],"5":[0,0],"6":[0,0],"7":[0,0]},"f":{"1":4,"2":1,"3":0,"4":0,"5":0,"6":0,"7":0},"fnMap":{"1":{"name":"indexRoute","line":3,"loc":{"start":{"line":3,"column":0},"end":{"line":3,"column":36}}},"2":{"name":"createRoute","line":12,"loc":{"start":{"line":12,"column":0},"end":{"line":12,"column":37}}},"3":{"name":"updateRoute","line":23,"loc":{"start":{"line":23,"column":0},"end":{"line":23,"column":37}}},"4":{"name":"showRoute","line":45,"loc":{"start":{"line":45,"column":0},"end":{"line":45,"column":35}}},"5":{"name":"deleteRoute","line":58,"loc":{"start":{"line":58,"column":0},"end":{"line":58,"column":37}}},"6":{"name":"addCommentRoute","line":71,"loc":{"start":{"line":71,"column":0},"end":{"line":71,"column":41}}},"7":{"name":"deleteCommentRoute","line":90,"loc":{"start":{"line":90,"column":0},"end":{"line":90,"column":44}}}},"statementMap":{"1":{"start":{"line":1,"column":0},"end":{"line":1,"column":41}},"2":{"start":{"line":3,"column":0},"end":{"line":10,"column":1}},"3":{"start":{"line":4,"column":2},"end":{"line":9,"column":17}},"4":{"start":{"line":8,"column":22},"end":{"line":8,"column":38}},"5":{"start":{"line":12,"column":0},"end":{"line":21,"column":1}},"6":{"start":{"line":14,"column":2},"end":{"line":14,"column":51}},"7":{"start":{"line":14,"column":16},"end":{"line":14,"column":51}},"8":{"start":{"line":15,"column":2},"end":{"line":15,"column":32}},"9":{"start":{"line":17,"column":2},"end":{"line":20,"column":17}},"10":{"start":{"line":19,"column":21},"end":{"line":19,"column":48}},"11":{"start":{"line":23,"column":0},"end":{"line":43,"column":1}},"12":{"start":{"line":25,"column":2},"end":{"line":25,"column":51}},"13":{"start":{"line":25,"column":16},"end":{"line":25,"column":51}},"14":{"start":{"line":27,"column":2},"end":{"line":27,"column":35}},"15":{"start":{"line":29,"column":2},"end":{"line":42,"column":17}},"16":{"start":{"line":33,"column":6},"end":{"line":33,"column":40}},"17":{"start":{"line":33,"column":18},"end":{"line":33,"column":40}},"18":{"start":{"line":35,"column":6},"end":{"line":37,"column":7}},"19":{"start":{"line":36,"column":8},"end":{"line":36,"column":39}},"20":{"start":{"line":39,"column":6},"end":{"line":39,"column":26}},"21":{"start":{"line":41,"column":21},"end":{"line":41,"column":36}},"22":{"start":{"line":45,"column":0},"end":{"line":56,"column":1}},"23":{"start":{"line":46,"column":2},"end":{"line":55,"column":17}},"24":{"start":{"line":51,"column":6},"end":{"line":51,"column":40}},"25":{"start":{"line":51,"column":18},"end":{"line":51,"column":40}},"26":{"start":{"line":53,"column":6},"end":{"line":53,"column":22}},"27":{"start":{"line":58,"column":0},"end":{"line":69,"column":1}},"28":{"start":{"line":59,"column":2},"end":{"line":68,"column":17}},"29":{"start":{"line":63,"column":6},"end":{"line":63,"column":40}},"30":{"start":{"line":63,"column":18},"end":{"line":63,"column":40}},"31":{"start":{"line":65,"column":6},"end":{"line":65,"column":28}},"32":{"start":{"line":67,"column":16},"end":{"line":67,"column":37}},"33":{"start":{"line":71,"column":0},"end":{"line":88,"column":1}},"34":{"start":{"line":73,"column":2},"end":{"line":73,"column":32}},"35":{"start":{"line":75,"column":2},"end":{"line":87,"column":17}},"36":{"start":{"line":79,"column":6},"end":{"line":79,"column":40}},"37":{"start":{"line":79,"column":18},"end":{"line":79,"column":40}},"38":{"start":{"line":81,"column":6},"end":{"line":81,"column":54}},"39":{"start":{"line":82,"column":6},"end":{"line":82,"column":35}},"40":{"start":{"line":84,"column":6},"end":{"line":85,"column":39}},"41":{"start":{"line":85,"column":20},"end":{"line":85,"column":37}},"42":{"start":{"line":90,"column":0},"end":{"line":104,"column":1}},"43":{"start":{"line":91,"column":2},"end":{"line":103,"column":17}},"44":{"start":{"line":95,"column":6},"end":{"line":95,"column":40}},"45":{"start":{"line":95,"column":18},"end":{"line":95,"column":40}},"46":{"start":{"line":97,"column":6},"end":{"line":97,"column":62}},"47":{"start":{"line":98,"column":6},"end":{"line":98,"column":23}},"48":{"start":{"line":100,"column":6},"end":{"line":100,"column":26}},"49":{"start":{"line":102,"column":16},"end":{"line":102,"column":37}},"50":{"start":{"line":106,"column":0},"end":{"line":114,"column":2}}},"branchMap":{"1":{"line":14,"type":"if","locations":[{"start":{"line":14,"column":2},"end":{"line":14,"column":2}},{"start":{"line":14,"column":2},"end":{"line":14,"column":2}}]},"2":{"line":25,"type":"if","locations":[{"start":{"line":25,"column":2},"end":{"line":25,"column":2}},{"start":{"line":25,"column":2},"end":{"line":25,"column":2}}]},"3":{"line":33,"type":"if","locations":[{"start":{"line":33,"column":6},"end":{"line":33,"column":6}},{"start":{"line":33,"column":6},"end":{"line":33,"column":6}}]},"4":{"line":51,"type":"if","locations":[{"start":{"line":51,"column":6},"end":{"line":51,"column":6}},{"start":{"line":51,"column":6},"end":{"line":51,"column":6}}]},"5":{"line":63,"type":"if","locations":[{"start":{"line":63,"column":6},"end":{"line":63,"column":6}},{"start":{"line":63,"column":6},"end":{"line":63,"column":6}}]},"6":{"line":79,"type":"if","locations":[{"start":{"line":79,"column":6},"end":{"line":79,"column":6}},{"start":{"line":79,"column":6},"end":{"line":79,"column":6}}]},"7":{"line":95,"type":"if","locations":[{"start":{"line":95,"column":6},"end":{"line":95,"column":6}},{"start":{"line":95,"column":6},"end":{"line":95,"column":6}}]}}},"/Users/maxeskell/Development/wdi-group-project/models/trail.js":{"path":"/Users/maxeskell/Development/wdi-group-project/models/trail.js","s":{"1":1,"2":1,"3":1,"4":1,"5":1,"6":5,"7":5,"8":1,"9":5,"10":0,"11":5,"12":5,"13":0,"14":1,"15":5,"16":0,"17":5,"18":1,"19":0,"20":0,"21":0,"22":1},"b":{"1":[0,5],"2":[5,0],"3":[0,5],"4":[5,5],"5":[0,0]},"f":{"1":5,"2":5,"3":5,"4":0},"fnMap":{"1":{"name":"getPreviousImage","line":44,"loc":{"start":{"line":44,"column":7},"end":{"line":44,"column":40}}},"2":{"name":"getImageSRC","line":51,"loc":{"start":{"line":51,"column":7},"end":{"line":51,"column":30}}},"3":{"name":"checkPreviousImage","line":57,"loc":{"start":{"line":57,"column":24},"end":{"line":57,"column":58}}},"4":{"name":"removeImage","line":66,"loc":{"start":{"line":66,"column":26},"end":{"line":66,"column":53}}}},"statementMap":{"1":{"start":{"line":1,"column":0},"end":{"line":1,"column":37}},"2":{"start":{"line":2,"column":0},"end":{"line":2,"column":32}},"3":{"start":{"line":4,"column":0},"end":{"line":14,"column":3}},"4":{"start":{"line":16,"column":0},"end":{"line":40,"column":3}},"5":{"start":{"line":42,"column":0},"end":{"line":47,"column":5}},"6":{"start":{"line":45,"column":4},"end":{"line":45,"column":29}},"7":{"start":{"line":46,"column":4},"end":{"line":46,"column":17}},"8":{"start":{"line":49,"column":0},"end":{"line":55,"column":5}},"9":{"start":{"line":52,"column":4},"end":{"line":52,"column":33}},"10":{"start":{"line":52,"column":21},"end":{"line":52,"column":33}},"11":{"start":{"line":53,"column":4},"end":{"line":53,"column":53}},"12":{"start":{"line":53,"column":35},"end":{"line":53,"column":53}},"13":{"start":{"line":54,"column":4},"end":{"line":54,"column":82}},"14":{"start":{"line":57,"column":0},"end":{"line":64,"column":3}},"15":{"start":{"line":58,"column":2},"end":{"line":62,"column":3}},"16":{"start":{"line":59,"column":4},"end":{"line":61,"column":13}},"17":{"start":{"line":63,"column":2},"end":{"line":63,"column":9}},"18":{"start":{"line":66,"column":0},"end":{"line":71,"column":3}},"19":{"start":{"line":67,"column":2},"end":{"line":69,"column":11}},"20":{"start":{"line":67,"column":18},"end":{"line":69,"column":11}},"21":{"start":{"line":70,"column":2},"end":{"line":70,"column":9}},"22":{"start":{"line":73,"column":0},"end":{"line":73,"column":54}}},"branchMap":{"1":{"line":52,"type":"if","locations":[{"start":{"line":52,"column":4},"end":{"line":52,"column":4}},{"start":{"line":52,"column":4},"end":{"line":52,"column":4}}]},"2":{"line":53,"type":"if","locations":[{"start":{"line":53,"column":4},"end":{"line":53,"column":4}},{"start":{"line":53,"column":4},"end":{"line":53,"column":4}}]},"3":{"line":58,"type":"if","locations":[{"start":{"line":58,"column":2},"end":{"line":58,"column":2}},{"start":{"line":58,"column":2},"end":{"line":58,"column":2}}]},"4":{"line":58,"type":"binary-expr","locations":[{"start":{"line":58,"column":6},"end":{"line":58,"column":30}},{"start":{"line":58,"column":34},"end":{"line":58,"column":45}}]},"5":{"line":67,"type":"if","locations":[{"start":{"line":67,"column":2},"end":{"line":67,"column":2}},{"start":{"line":67,"column":2},"end":{"line":67,"column":2}}]}}},"/Users/maxeskell/Development/wdi-group-project/lib/s3.js":{"path":"/Users/maxeskell/Development/wdi-group-project/lib/s3.js","s":{"1":1,"2":1},"b":{},"f":{},"fnMap":{},"statementMap":{"1":{"start":{"line":1,"column":0},"end":{"line":1,"column":41}},"2":{"start":{"line":3,"column":0},"end":{"line":12,"column":3}}},"branchMap":{}},"/Users/maxeskell/Development/wdi-group-project/controllers/users.js":{"path":"/Users/maxeskell/Development/wdi-group-project/controllers/users.js","s":{"1":1,"2":1,"3":0,"4":0,"5":0,"6":0,"7":1,"8":0,"9":0,"10":0,"11":0,"12":0,"13":0,"14":0,"15":0,"16":0,"17":1,"18":0,"19":0,"20":0,"21":0,"22":0,"23":1},"b":{"1":[0,0],"2":[0,0],"3":[0,0],"4":[0,0]},"f":{"1":0,"2":0,"3":0},"fnMap":{"1":{"name":"userShow","line":4,"loc":{"start":{"line":4,"column":0},"end":{"line":4,"column":34}}},"2":{"name":"userUpdate","line":18,"loc":{"start":{"line":18,"column":0},"end":{"line":18,"column":36}}},"3":{"name":"userDelete","line":37,"loc":{"start":{"line":37,"column":0},"end":{"line":37,"column":36}}}},"statementMap":{"1":{"start":{"line":1,"column":0},"end":{"line":1,"column":39}},"2":{"start":{"line":4,"column":0},"end":{"line":16,"column":1}},"3":{"start":{"line":5,"column":2},"end":{"line":14,"column":17}},"4":{"start":{"line":10,"column":6},"end":{"line":10,"column":39}},"5":{"start":{"line":10,"column":17},"end":{"line":10,"column":39}},"6":{"start":{"line":12,"column":6},"end":{"line":12,"column":21}},"7":{"start":{"line":18,"column":0},"end":{"line":35,"column":1}},"8":{"start":{"line":19,"column":2},"end":{"line":19,"column":45}},"9":{"start":{"line":19,"column":15},"end":{"line":19,"column":45}},"10":{"start":{"line":21,"column":2},"end":{"line":34,"column":17}},"11":{"start":{"line":25,"column":6},"end":{"line":25,"column":39}},"12":{"start":{"line":25,"column":17},"end":{"line":25,"column":39}},"13":{"start":{"line":27,"column":6},"end":{"line":29,"column":7}},"14":{"start":{"line":28,"column":8},"end":{"line":28,"column":38}},"15":{"start":{"line":31,"column":6},"end":{"line":31,"column":25}},"16":{"start":{"line":33,"column":20},"end":{"line":33,"column":34}},"17":{"start":{"line":37,"column":0},"end":{"line":48,"column":1}},"18":{"start":{"line":38,"column":2},"end":{"line":47,"column":17}},"19":{"start":{"line":42,"column":6},"end":{"line":42,"column":39}},"20":{"start":{"line":42,"column":17},"end":{"line":42,"column":39}},"21":{"start":{"line":44,"column":6},"end":{"line":44,"column":27}},"22":{"start":{"line":46,"column":16},"end":{"line":46,"column":37}},"23":{"start":{"line":50,"column":0},"end":{"line":54,"column":2}}},"branchMap":{"1":{"line":10,"type":"if","locations":[{"start":{"line":10,"column":6},"end":{"line":10,"column":6}},{"start":{"line":10,"column":6},"end":{"line":10,"column":6}}]},"2":{"line":19,"type":"if","locations":[{"start":{"line":19,"column":2},"end":{"line":19,"column":2}},{"start":{"line":19,"column":2},"end":{"line":19,"column":2}}]},"3":{"line":25,"type":"if","locations":[{"start":{"line":25,"column":6},"end":{"line":25,"column":6}},{"start":{"line":25,"column":6},"end":{"line":25,"column":6}}]},"4":{"line":42,"type":"if","locations":[{"start":{"line":42,"column":6},"end":{"line":42,"column":6}},{"start":{"line":42,"column":6},"end":{"line":42,"column":6}}]}}},"/Users/maxeskell/Development/wdi-group-project/models/user.js":{"path":"/Users/maxeskell/Development/wdi-group-project/models/user.js","s":{"1":1,"2":1,"3":1,"4":1,"5":1,"6":6,"7":1,"8":6,"9":0,"10":6,"11":6,"12":0,"13":1,"14":6,"15":0,"16":6,"17":0,"18":6,"19":1,"20":6,"21":6,"22":6,"23":1,"24":0,"25":1,"26":6,"27":6,"28":1,"29":6,"30":0,"31":6,"32":1,"33":0,"34":0,"35":0,"36":1,"37":0,"38":0,"39":1},"b":{"1":[0,6],"2":[6,0],"3":[0,6],"4":[6,0,0],"5":[0,6],"6":[6,6],"7":[6,0],"8":[0,6],"9":[6,6],"10":[0,0]},"f":{"1":6,"2":6,"3":6,"4":6,"5":0,"6":6,"7":6,"8":0,"9":0},"fnMap":{"1":{"name":"setPasswordConfirmation","line":37,"loc":{"start":{"line":37,"column":7},"end":{"line":37,"column":62}}},"2":{"name":"getImageSRC","line":43,"loc":{"start":{"line":43,"column":7},"end":{"line":43,"column":30}}},"3":{"name":"checkPassword","line":49,"loc":{"start":{"line":49,"column":27},"end":{"line":49,"column":56}}},"4":{"name":"hashPassword","line":59,"loc":{"start":{"line":59,"column":23},"end":{"line":59,"column":51}}},"5":{"name":"validatePassword","line":66,"loc":{"start":{"line":66,"column":38},"end":{"line":66,"column":74}}},"6":{"name":"getPreviousImage","line":72,"loc":{"start":{"line":72,"column":7},"end":{"line":72,"column":40}}},"7":{"name":"checkPreviousImage","line":78,"loc":{"start":{"line":78,"column":23},"end":{"line":78,"column":57}}},"8":{"name":"removeImage","line":87,"loc":{"start":{"line":87,"column":25},"end":{"line":87,"column":52}}},"9":{"name":"removeUserTrail","line":94,"loc":{"start":{"line":94,"column":25},"end":{"line":94,"column":56}}}},"statementMap":{"1":{"start":{"line":1,"column":0},"end":{"line":1,"column":37}},"2":{"start":{"line":2,"column":0},"end":{"line":2,"column":33}},"3":{"start":{"line":3,"column":0},"end":{"line":3,"column":32}},"4":{"start":{"line":6,"column":0},"end":{"line":33,"column":3}},"5":{"start":{"line":35,"column":0},"end":{"line":39,"column":5}},"6":{"start":{"line":38,"column":4},"end":{"line":38,"column":54}},"7":{"start":{"line":41,"column":0},"end":{"line":47,"column":5}},"8":{"start":{"line":44,"column":4},"end":{"line":44,"column":33}},"9":{"start":{"line":44,"column":21},"end":{"line":44,"column":33}},"10":{"start":{"line":45,"column":4},"end":{"line":45,"column":53}},"11":{"start":{"line":45,"column":35},"end":{"line":45,"column":53}},"12":{"start":{"line":46,"column":4},"end":{"line":46,"column":82}},"13":{"start":{"line":49,"column":0},"end":{"line":57,"column":3}},"14":{"start":{"line":50,"column":2},"end":{"line":52,"column":3}},"15":{"start":{"line":51,"column":4},"end":{"line":51,"column":44}},"16":{"start":{"line":53,"column":2},"end":{"line":55,"column":3}},"17":{"start":{"line":54,"column":4},"end":{"line":54,"column":62}},"18":{"start":{"line":56,"column":2},"end":{"line":56,"column":9}},"19":{"start":{"line":59,"column":0},"end":{"line":64,"column":3}},"20":{"start":{"line":60,"column":2},"end":{"line":62,"column":3}},"21":{"start":{"line":61,"column":4},"end":{"line":61,"column":74}},"22":{"start":{"line":63,"column":2},"end":{"line":63,"column":9}},"23":{"start":{"line":66,"column":0},"end":{"line":68,"column":2}},"24":{"start":{"line":67,"column":2},"end":{"line":67,"column":53}},"25":{"start":{"line":70,"column":0},"end":{"line":75,"column":5}},"26":{"start":{"line":73,"column":4},"end":{"line":73,"column":29}},"27":{"start":{"line":74,"column":4},"end":{"line":74,"column":17}},"28":{"start":{"line":78,"column":0},"end":{"line":85,"column":3}},"29":{"start":{"line":79,"column":2},"end":{"line":83,"column":3}},"30":{"start":{"line":80,"column":4},"end":{"line":82,"column":13}},"31":{"start":{"line":84,"column":2},"end":{"line":84,"column":9}},"32":{"start":{"line":87,"column":0},"end":{"line":92,"column":3}},"33":{"start":{"line":88,"column":2},"end":{"line":90,"column":11}},"34":{"start":{"line":88,"column":18},"end":{"line":90,"column":11}},"35":{"start":{"line":91,"column":2},"end":{"line":91,"column":9}},"36":{"start":{"line":94,"column":0},"end":{"line":112,"column":3}},"37":{"start":{"line":95,"column":2},"end":{"line":111,"column":17}},"38":{"start":{"line":100,"column":6},"end":{"line":108,"column":9}},"39":{"start":{"line":116,"column":0},"end":{"line":116,"column":52}}},"branchMap":{"1":{"line":44,"type":"if","locations":[{"start":{"line":44,"column":4},"end":{"line":44,"column":4}},{"start":{"line":44,"column":4},"end":{"line":44,"column":4}}]},"2":{"line":45,"type":"if","locations":[{"start":{"line":45,"column":4},"end":{"line":45,"column":4}},{"start":{"line":45,"column":4},"end":{"line":45,"column":4}}]},"3":{"line":50,"type":"if","locations":[{"start":{"line":50,"column":2},"end":{"line":50,"column":2}},{"start":{"line":50,"column":2},"end":{"line":50,"column":2}}]},"4":{"line":50,"type":"binary-expr","locations":[{"start":{"line":50,"column":6},"end":{"line":50,"column":20}},{"start":{"line":50,"column":24},"end":{"line":50,"column":40}},{"start":{"line":50,"column":44},"end":{"line":50,"column":58}}]},"5":{"line":53,"type":"if","locations":[{"start":{"line":53,"column":2},"end":{"line":53,"column":2}},{"start":{"line":53,"column":2},"end":{"line":53,"column":2}}]},"6":{"line":53,"type":"binary-expr","locations":[{"start":{"line":53,"column":6},"end":{"line":53,"column":33}},{"start":{"line":53,"column":37},"end":{"line":53,"column":81}}]},"7":{"line":60,"type":"if","locations":[{"start":{"line":60,"column":2},"end":{"line":60,"column":2}},{"start":{"line":60,"column":2},"end":{"line":60,"column":2}}]},"8":{"line":79,"type":"if","locations":[{"start":{"line":79,"column":2},"end":{"line":79,"column":2}},{"start":{"line":79,"column":2},"end":{"line":79,"column":2}}]},"9":{"line":79,"type":"binary-expr","locations":[{"start":{"line":79,"column":6},"end":{"line":79,"column":30}},{"start":{"line":79,"column":34},"end":{"line":79,"column":45}}]},"10":{"line":88,"type":"if","locations":[{"start":{"line":88,"column":2},"end":{"line":88,"column":2}},{"start":{"line":88,"column":2},"end":{"line":88,"column":2}}]}}},"/Users/maxeskell/Development/wdi-group-project/controllers/auth.js":{"path":"/Users/maxeskell/Development/wdi-group-project/controllers/auth.js","s":{"1":1,"2":1,"3":1,"4":1,"5":0,"6":0,"7":1,"8":0,"9":0,"10":0,"11":0,"12":0,"13":1},"b":{"1":[0,0],"2":[0,0]},"f":{"1":0,"2":0},"fnMap":{"1":{"name":"register","line":7,"loc":{"start":{"line":7,"column":0},"end":{"line":7,"column":34}}},"2":{"name":"login","line":16,"loc":{"start":{"line":16,"column":0},"end":{"line":16,"column":31}}}},"statementMap":{"1":{"start":{"line":1,"column":0},"end":{"line":1,"column":39}},"2":{"start":{"line":2,"column":0},"end":{"line":2,"column":36}},"3":{"start":{"line":3,"column":0},"end":{"line":5,"column":37}},"4":{"start":{"line":7,"column":0},"end":{"line":14,"column":1}},"5":{"start":{"line":8,"column":2},"end":{"line":13,"column":17}},"6":{"start":{"line":10,"column":16},"end":{"line":12,"column":6}},"7":{"start":{"line":16,"column":0},"end":{"line":35,"column":1}},"8":{"start":{"line":17,"column":2},"end":{"line":34,"column":17}},"9":{"start":{"line":22,"column":6},"end":{"line":22,"column":88}},"10":{"start":{"line":22,"column":62},"end":{"line":22,"column":88}},"11":{"start":{"line":24,"column":6},"end":{"line":28,"column":9}},"12":{"start":{"line":29,"column":6},"end":{"line":32,"column":9}},"13":{"start":{"line":37,"column":0},"end":{"line":40,"column":2}}},"branchMap":{"1":{"line":22,"type":"if","locations":[{"start":{"line":22,"column":6},"end":{"line":22,"column":6}},{"start":{"line":22,"column":6},"end":{"line":22,"column":6}}]},"2":{"line":22,"type":"binary-expr","locations":[{"start":{"line":22,"column":10},"end":{"line":22,"column":15}},{"start":{"line":22,"column":19},"end":{"line":22,"column":60}}]}}},"/Users/maxeskell/Development/wdi-group-project/controllers/oauth.js":{"path":"/Users/maxeskell/Development/wdi-group-project/controllers/oauth.js","s":{"1":1,"2":1,"3":1,"4":1,"5":1,"6":1,"7":0,"8":0,"9":0,"10":0,"11":0,"12":0,"13":0,"14":0,"15":0,"16":0,"17":0,"18":0,"19":1,"20":0,"21":0,"22":0,"23":0,"24":0,"25":0,"26":0,"27":0,"28":0,"29":0,"30":0,"31":0,"32":0,"33":1},"b":{"1":[0,0],"2":[0,0]},"f":{"1":0,"2":0},"fnMap":{"1":{"name":"github","line":10,"loc":{"start":{"line":10,"column":0},"end":{"line":10,"column":32}}},"2":{"name":"facebook","line":74,"loc":{"start":{"line":74,"column":0},"end":{"line":74,"column":34}}}},"statementMap":{"1":{"start":{"line":1,"column":0},"end":{"line":1,"column":38}},"2":{"start":{"line":2,"column":0},"end":{"line":2,"column":41}},"3":{"start":{"line":3,"column":0},"end":{"line":3,"column":39}},"4":{"start":{"line":4,"column":0},"end":{"line":4,"column":36}},"5":{"start":{"line":5,"column":0},"end":{"line":7,"column":37}},"6":{"start":{"line":10,"column":0},"end":{"line":72,"column":1}},"7":{"start":{"line":11,"column":2},"end":{"line":71,"column":17}},"8":{"start":{"line":22,"column":6},"end":{"line":30,"column":9}},"9":{"start":{"line":33,"column":6},"end":{"line":53,"column":11}},"10":{"start":{"line":43,"column":10},"end":{"line":48,"column":11}},"11":{"start":{"line":44,"column":12},"end":{"line":47,"column":15}},"12":{"start":{"line":50,"column":10},"end":{"line":50,"column":37}},"13":{"start":{"line":51,"column":10},"end":{"line":51,"column":42}},"14":{"start":{"line":52,"column":10},"end":{"line":52,"column":29}},"15":{"start":{"line":56,"column":6},"end":{"line":56,"column":24}},"16":{"start":{"line":58,"column":6},"end":{"line":60,"column":8}},"17":{"start":{"line":61,"column":6},"end":{"line":63,"column":9}},"18":{"start":{"line":65,"column":6},"end":{"line":68,"column":9}},"19":{"start":{"line":74,"column":0},"end":{"line":133,"column":1}},"20":{"start":{"line":75,"column":2},"end":{"line":132,"column":17}},"21":{"start":{"line":87,"column":6},"end":{"line":93,"column":9}},"22":{"start":{"line":96,"column":6},"end":{"line":96,"column":27}},"23":{"start":{"line":97,"column":6},"end":{"line":116,"column":11}},"24":{"start":{"line":107,"column":10},"end":{"line":112,"column":11}},"25":{"start":{"line":108,"column":12},"end":{"line":111,"column":15}},"26":{"start":{"line":113,"column":10},"end":{"line":113,"column":39}},"27":{"start":{"line":114,"column":10},"end":{"line":114,"column":48}},"28":{"start":{"line":115,"column":10},"end":{"line":115,"column":29}},"29":{"start":{"line":119,"column":6},"end":{"line":119,"column":24}},"30":{"start":{"line":120,"column":6},"end":{"line":122,"column":8}},"31":{"start":{"line":123,"column":6},"end":{"line":125,"column":9}},"32":{"start":{"line":127,"column":6},"end":{"line":130,"column":9}},"33":{"start":{"line":135,"column":0},"end":{"line":138,"column":2}}},"branchMap":{"1":{"line":43,"type":"if","locations":[{"start":{"line":43,"column":10},"end":{"line":43,"column":10}},{"start":{"line":43,"column":10},"end":{"line":43,"column":10}}]},"2":{"line":107,"type":"if","locations":[{"start":{"line":107,"column":10},"end":{"line":107,"column":10}},{"start":{"line":107,"column":10},"end":{"line":107,"column":10}}]}}},"/Users/maxeskell/Development/wdi-group-project/config/oauth.js":{"path":"/Users/maxeskell/Development/wdi-group-project/config/oauth.js","s":{"1":1},"b":{},"f":{},"fnMap":{},"statementMap":{"1":{"start":{"line":1,"column":0},"end":{"line":20,"column":2}}},"branchMap":{}},"/Users/maxeskell/Development/wdi-group-project/lib/imageUpload.js":{"path":"/Users/maxeskell/Development/wdi-group-project/lib/imageUpload.js","s":{"1":1,"2":1,"3":1,"4":1,"5":1,"6":0,"7":0,"8":0,"9":0,"10":0,"11":0,"12":0,"13":0,"14":0,"15":1},"b":{"1":[1,0],"2":[0,0]},"f":{"1":1},"fnMap":{"1":{"name":"imageUpload","line":4,"loc":{"start":{"line":4,"column":0},"end":{"line":4,"column":37}}}},"statementMap":{"1":{"start":{"line":1,"column":0},"end":{"line":1,"column":27}},"2":{"start":{"line":2,"column":0},"end":{"line":2,"column":29}},"3":{"start":{"line":4,"column":0},"end":{"line":26,"column":1}},"4":{"start":{"line":5,"column":2},"end":{"line":5,"column":37}},"5":{"start":{"line":5,"column":23},"end":{"line":5,"column":37}},"6":{"start":{"line":7,"column":2},"end":{"line":7,"column":62}},"7":{"start":{"line":8,"column":2},"end":{"line":8,"column":59}},"8":{"start":{"line":9,"column":2},"end":{"line":9,"column":51}},"9":{"start":{"line":10,"column":2},"end":{"line":10,"column":47}},"10":{"start":{"line":12,"column":2},"end":{"line":25,"column":5}},"11":{"start":{"line":17,"column":4},"end":{"line":17,"column":29}},"12":{"start":{"line":17,"column":12},"end":{"line":17,"column":29}},"13":{"start":{"line":19,"column":4},"end":{"line":22,"column":6}},"14":{"start":{"line":24,"column":4},"end":{"line":24,"column":11}},"15":{"start":{"line":28,"column":0},"end":{"line":28,"column":29}}},"branchMap":{"1":{"line":5,"type":"if","locations":[{"start":{"line":5,"column":2},"end":{"line":5,"column":2}},{"start":{"line":5,"column":2},"end":{"line":5,"column":2}}]},"2":{"line":17,"type":"if","locations":[{"start":{"line":17,"column":4},"end":{"line":17,"column":4}},{"start":{"line":17,"column":4},"end":{"line":17,"column":4}}]}}},"/Users/maxeskell/Development/wdi-group-project/lib/secureRoute.js":{"path":"/Users/maxeskell/Development/wdi-group-project/lib/secureRoute.js","s":{"1":1,"2":1,"3":1,"4":1,"5":1,"6":2,"7":1,"8":1,"9":1,"10":1,"11":1,"12":0,"13":1,"14":1,"15":1},"b":{"1":[1,1],"2":[0,1]},"f":{"1":2},"fnMap":{"1":{"name":"secureRoute","line":6,"loc":{"start":{"line":6,"column":0},"end":{"line":6,"column":37}}}},"statementMap":{"1":{"start":{"line":1,"column":0},"end":{"line":1,"column":36}},"2":{"start":{"line":2,"column":0},"end":{"line":2,"column":58}},"3":{"start":{"line":3,"column":0},"end":{"line":3,"column":52}},"4":{"start":{"line":4,"column":0},"end":{"line":4,"column":39}},"5":{"start":{"line":6,"column":0},"end":{"line":22,"column":1}},"6":{"start":{"line":7,"column":2},"end":{"line":7,"column":59}},"7":{"start":{"line":7,"column":33},"end":{"line":7,"column":59}},"8":{"start":{"line":9,"column":2},"end":{"line":9,"column":65}},"9":{"start":{"line":11,"column":2},"end":{"line":21,"column":17}},"10":{"start":{"line":14,"column":6},"end":{"line":14,"column":43}},"11":{"start":{"line":17,"column":6},"end":{"line":17,"column":42}},"12":{"start":{"line":17,"column":16},"end":{"line":17,"column":42}},"13":{"start":{"line":18,"column":6},"end":{"line":18,"column":22}},"14":{"start":{"line":19,"column":6},"end":{"line":19,"column":20}},"15":{"start":{"line":24,"column":0},"end":{"line":24,"column":29}}},"branchMap":{"1":{"line":7,"type":"if","locations":[{"start":{"line":7,"column":2},"end":{"line":7,"column":2}},{"start":{"line":7,"column":2},"end":{"line":7,"column":2}}]},"2":{"line":17,"type":"if","locations":[{"start":{"line":17,"column":6},"end":{"line":17,"column":6}},{"start":{"line":17,"column":6},"end":{"line":17,"column":6}}]}}},"/Users/maxeskell/Development/wdi-group-project/lib/customResponses.js":{"path":"/Users/maxeskell/Development/wdi-group-project/lib/customResponses.js","s":{"1":1,"2":6,"3":0,"4":0,"5":0,"6":6,"7":0,"8":0,"9":0,"10":6,"11":1,"12":1,"13":1,"14":6,"15":1},"b":{},"f":{"1":6,"2":0,"3":0,"4":1},"fnMap":{"1":{"name":"customResponses","line":1,"loc":{"start":{"line":1,"column":0},"end":{"line":1,"column":41}}},"2":{"name":"notFound","line":2,"loc":{"start":{"line":2,"column":17},"end":{"line":2,"column":37}}},"3":{"name":"badRequest","line":9,"loc":{"start":{"line":9,"column":19},"end":{"line":9,"column":41}}},"4":{"name":"unauthorized","line":16,"loc":{"start":{"line":16,"column":21},"end":{"line":16,"column":45}}}},"statementMap":{"1":{"start":{"line":1,"column":0},"end":{"line":24,"column":1}},"2":{"start":{"line":2,"column":2},"end":{"line":7,"column":4}},"3":{"start":{"line":3,"column":4},"end":{"line":3,"column":39}},"4":{"start":{"line":4,"column":4},"end":{"line":4,"column":21}},"5":{"start":{"line":6,"column":4},"end":{"line":6,"column":14}},"6":{"start":{"line":9,"column":2},"end":{"line":14,"column":4}},"7":{"start":{"line":10,"column":4},"end":{"line":10,"column":41}},"8":{"start":{"line":11,"column":4},"end":{"line":11,"column":21}},"9":{"start":{"line":13,"column":4},"end":{"line":13,"column":14}},"10":{"start":{"line":16,"column":2},"end":{"line":21,"column":4}},"11":{"start":{"line":17,"column":4},"end":{"line":17,"column":42}},"12":{"start":{"line":18,"column":4},"end":{"line":18,"column":21}},"13":{"start":{"line":20,"column":4},"end":{"line":20,"column":14}},"14":{"start":{"line":23,"column":2},"end":{"line":23,"column":9}},"15":{"start":{"line":26,"column":0},"end":{"line":26,"column":33}}},"branchMap":{}},"/Users/maxeskell/Development/wdi-group-project/lib/errorHandler.js":{"path":"/Users/maxeskell/Development/wdi-group-project/lib/errorHandler.js","s":{"1":1,"2":1,"3":0,"4":0,"5":0,"6":1,"7":1,"8":1,"9":1,"10":1,"11":1},"b":{"1":[0,1],"2":[1,0],"3":[1,0]},"f":{"1":1},"fnMap":{"1":{"name":"errorHandler","line":1,"loc":{"start":{"line":1,"column":0},"end":{"line":1,"column":43}}}},"statementMap":{"1":{"start":{"line":1,"column":0},"end":{"line":16,"column":1}},"2":{"start":{"line":3,"column":2},"end":{"line":7,"column":3}},"3":{"start":{"line":4,"column":4},"end":{"line":4,"column":21}},"4":{"start":{"line":5,"column":4},"end":{"line":5,"column":32}},"5":{"start":{"line":6,"column":4},"end":{"line":6,"column":32}},"6":{"start":{"line":9,"column":2},"end":{"line":9,"column":55}},"7":{"start":{"line":10,"column":2},"end":{"line":10,"column":33}},"8":{"start":{"line":12,"column":2},"end":{"line":12,"column":25}},"9":{"start":{"line":13,"column":2},"end":{"line":13,"column":57}},"10":{"start":{"line":15,"column":2},"end":{"line":15,"column":12}},"11":{"start":{"line":18,"column":0},"end":{"line":18,"column":30}}},"branchMap":{"1":{"line":3,"type":"if","locations":[{"start":{"line":3,"column":2},"end":{"line":3,"column":2}},{"start":{"line":3,"column":2},"end":{"line":3,"column":2}}]},"2":{"line":9,"type":"binary-expr","locations":[{"start":{"line":9,"column":16},"end":{"line":9,"column":27}},{"start":{"line":9,"column":31},"end":{"line":9,"column":54}}]},"3":{"line":10,"type":"binary-expr","locations":[{"start":{"line":10,"column":15},"end":{"line":10,"column":25}},{"start":{"line":10,"column":29},"end":{"line":10,"column":32}}]}}}}