{"/Users/maxeskell/Development/wdi-group-project/index.js":{"path":"/Users/maxeskell/Development/wdi-group-project/index.js","s":{"1":1,"2":1,"3":1,"4":1,"5":1,"6":1,"7":1,"8":1,"9":1,"10":1,"11":1,"12":1,"13":1,"14":0,"15":1,"16":1,"17":1,"18":1,"19":1,"20":0,"21":1,"22":1,"23":1,"24":1},"b":{"1":[0,1]},"f":{},"fnMap":{},"statementMap":{"1":{"start":{"line":1,"column":0},"end":{"line":1,"column":35}},"2":{"start":{"line":2,"column":0},"end":{"line":2,"column":33}},"3":{"start":{"line":3,"column":0},"end":{"line":3,"column":42}},"4":{"start":{"line":4,"column":0},"end":{"line":4,"column":37}},"5":{"start":{"line":5,"column":0},"end":{"line":5,"column":47}},"6":{"start":{"line":6,"column":0},"end":{"line":6,"column":39}},"7":{"start":{"line":7,"column":0},"end":{"line":11,"column":36}},"8":{"start":{"line":12,"column":0},"end":{"line":12,"column":42}},"9":{"start":{"line":13,"column":0},"end":{"line":13,"column":57}},"10":{"start":{"line":14,"column":0},"end":{"line":14,"column":51}},"11":{"start":{"line":16,"column":0},"end":{"line":16,"column":22}},"12":{"start":{"line":18,"column":0},"end":{"line":18,"column":24}},"13":{"start":{"line":20,"column":0},"end":{"line":20,"column":43}},"14":{"start":{"line":20,"column":20},"end":{"line":20,"column":43}},"15":{"start":{"line":22,"column":0},"end":{"line":22,"column":47}},"16":{"start":{"line":23,"column":0},"end":{"line":25,"column":4}},"17":{"start":{"line":27,"column":0},"end":{"line":27,"column":25}},"18":{"start":{"line":28,"column":0},"end":{"line":28,"column":24}},"19":{"start":{"line":29,"column":0},"end":{"line":29,"column":76}},"20":{"start":{"line":29,"column":28},"end":{"line":29,"column":74}},"21":{"start":{"line":31,"column":0},"end":{"line":31,"column":22}},"22":{"start":{"line":33,"column":0},"end":{"line":33,"column":76}},"23":{"start":{"line":33,"column":23},"end":{"line":33,"column":74}},"24":{"start":{"line":35,"column":0},"end":{"line":35,"column":21}}},"branchMap":{"1":{"line":20,"type":"if","locations":[{"start":{"line":20,"column":0},"end":{"line":20,"column":0}},{"start":{"line":20,"column":0},"end":{"line":20,"column":0}}]}}},"/Users/maxeskell/Development/wdi-group-project/lib/globalToJSON.js":{"path":"/Users/maxeskell/Development/wdi-group-project/lib/globalToJSON.js","s":{"1":1,"2":3,"3":14,"4":14,"5":14,"6":1},"b":{},"f":{"1":3,"2":14},"fnMap":{"1":{"name":"globalToJSON","line":1,"loc":{"start":{"line":1,"column":0},"end":{"line":1,"column":30}}},"2":{"name":"(anonymous_2)","line":4,"loc":{"start":{"line":4,"column":13},"end":{"line":4,"column":25}}}},"statementMap":{"1":{"start":{"line":1,"column":0},"end":{"line":10,"column":1}},"2":{"start":{"line":2,"column":2},"end":{"line":9,"column":5}},"3":{"start":{"line":5,"column":6},"end":{"line":5,"column":22}},"4":{"start":{"line":6,"column":6},"end":{"line":6,"column":22}},"5":{"start":{"line":7,"column":6},"end":{"line":7,"column":27}},"6":{"start":{"line":12,"column":0},"end":{"line":12,"column":30}}},"branchMap":{}},"/Users/maxeskell/Development/wdi-group-project/config/environment.js":{"path":"/Users/maxeskell/Development/wdi-group-project/config/environment.js","s":{"1":1,"2":1,"3":1,"4":1,"5":1},"b":{"1":[1,1],"2":[1,0],"3":[1,1],"4":[1,1]},"f":{},"fnMap":{},"statementMap":{"1":{"start":{"line":1,"column":0},"end":{"line":1,"column":38}},"2":{"start":{"line":2,"column":0},"end":{"line":2,"column":50}},"3":{"start":{"line":3,"column":0},"end":{"line":3,"column":80}},"4":{"start":{"line":4,"column":0},"end":{"line":4,"column":61}},"5":{"start":{"line":6,"column":0},"end":{"line":11,"column":2}}},"branchMap":{"1":{"line":1,"type":"binary-expr","locations":[{"start":{"line":1,"column":13},"end":{"line":1,"column":29}},{"start":{"line":1,"column":33},"end":{"line":1,"column":37}}]},"2":{"line":2,"type":"binary-expr","locations":[{"start":{"line":2,"column":12},"end":{"line":2,"column":32}},{"start":{"line":2,"column":36},"end":{"line":2,"column":49}}]},"3":{"line":3,"type":"binary-expr","locations":[{"start":{"line":3,"column":14},"end":{"line":3,"column":37}},{"start":{"line":3,"column":41},"end":{"line":3,"column":79}}]},"4":{"line":4,"type":"binary-expr","locations":[{"start":{"line":4,"column":15},"end":{"line":4,"column":33}},{"start":{"line":4,"column":37},"end":{"line":4,"column":60}}]}}},"/Users/maxeskell/Development/wdi-group-project/config/routes.js":{"path":"/Users/maxeskell/Development/wdi-group-project/config/routes.js","s":{"1":1,"2":1,"3":1,"4":1,"5":1,"6":1,"7":1,"8":1,"9":1,"10":1,"11":1,"12":1,"13":1,"14":1,"15":1,"16":1,"17":1,"18":1,"19":1,"20":0,"21":1},"b":{},"f":{},"fnMap":{},"statementMap":{"1":{"start":{"line":1,"column":0},"end":{"line":1,"column":43}},"2":{"start":{"line":2,"column":0},"end":{"line":2,"column":48}},"3":{"start":{"line":3,"column":0},"end":{"line":3,"column":46}},"4":{"start":{"line":4,"column":0},"end":{"line":4,"column":44}},"5":{"start":{"line":5,"column":0},"end":{"line":5,"column":46}},"6":{"start":{"line":6,"column":0},"end":{"line":6,"column":50}},"7":{"start":{"line":7,"column":0},"end":{"line":7,"column":50}},"8":{"start":{"line":8,"column":0},"end":{"line":8,"column":50}},"9":{"start":{"line":10,"column":0},"end":{"line":12,"column":49}},"10":{"start":{"line":14,"column":0},"end":{"line":18,"column":38}},"11":{"start":{"line":20,"column":0},"end":{"line":23,"column":37}},"12":{"start":{"line":25,"column":0},"end":{"line":26,"column":40}},"13":{"start":{"line":28,"column":0},"end":{"line":29,"column":32}},"14":{"start":{"line":31,"column":0},"end":{"line":32,"column":36}},"15":{"start":{"line":34,"column":0},"end":{"line":35,"column":20}},"16":{"start":{"line":37,"column":0},"end":{"line":38,"column":22}},"17":{"start":{"line":40,"column":0},"end":{"line":41,"column":24}},"18":{"start":{"line":43,"column":0},"end":{"line":44,"column":24}},"19":{"start":{"line":49,"column":0},"end":{"line":49,"column":46}},"20":{"start":{"line":49,"column":30},"end":{"line":49,"column":44}},"21":{"start":{"line":51,"column":0},"end":{"line":51,"column":24}}},"branchMap":{}},"/Users/maxeskell/Development/wdi-group-project/controllers/trails.js":{"path":"/Users/maxeskell/Development/wdi-group-project/controllers/trails.js","s":{"1":1,"2":1,"3":4,"4":4,"5":1,"6":1,"7":0,"8":1,"9":1,"10":1,"11":1,"12":0,"13":0,"14":0,"15":0,"16":0,"17":0,"18":0,"19":0,"20":0,"21":0,"22":0,"23":0,"24":1,"25":1,"26":1,"27":0,"28":1,"29":1,"30":1,"31":1,"32":1,"33":0,"34":1,"35":1,"36":1,"37":0,"38":0,"39":0,"40":0,"41":0,"42":0,"43":0,"44":0,"45":1,"46":0,"47":0,"48":0,"49":0,"50":0,"51":0,"52":0,"53":1},"b":{"1":[0,1],"2":[0,0],"3":[0,0],"4":[0,0],"5":[0,1],"6":[0,1],"7":[0,0],"8":[0,0]},"f":{"1":4,"2":1,"3":0,"4":1,"5":1,"6":0,"7":0},"fnMap":{"1":{"name":"indexRoute","line":3,"loc":{"start":{"line":3,"column":0},"end":{"line":3,"column":36}}},"2":{"name":"createRoute","line":12,"loc":{"start":{"line":12,"column":0},"end":{"line":12,"column":37}}},"3":{"name":"updateRoute","line":23,"loc":{"start":{"line":23,"column":0},"end":{"line":23,"column":37}}},"4":{"name":"showRoute","line":46,"loc":{"start":{"line":46,"column":0},"end":{"line":46,"column":35}}},"5":{"name":"deleteRoute","line":59,"loc":{"start":{"line":59,"column":0},"end":{"line":59,"column":37}}},"6":{"name":"addCommentRoute","line":73,"loc":{"start":{"line":73,"column":0},"end":{"line":73,"column":41}}},"7":{"name":"deleteCommentRoute","line":92,"loc":{"start":{"line":92,"column":0},"end":{"line":92,"column":44}}}},"statementMap":{"1":{"start":{"line":1,"column":0},"end":{"line":1,"column":41}},"2":{"start":{"line":3,"column":0},"end":{"line":10,"column":1}},"3":{"start":{"line":4,"column":2},"end":{"line":9,"column":17}},"4":{"start":{"line":8,"column":22},"end":{"line":8,"column":38}},"5":{"start":{"line":12,"column":0},"end":{"line":21,"column":1}},"6":{"start":{"line":14,"column":2},"end":{"line":14,"column":51}},"7":{"start":{"line":14,"column":16},"end":{"line":14,"column":51}},"8":{"start":{"line":15,"column":2},"end":{"line":15,"column":32}},"9":{"start":{"line":17,"column":2},"end":{"line":20,"column":17}},"10":{"start":{"line":19,"column":21},"end":{"line":19,"column":48}},"11":{"start":{"line":23,"column":0},"end":{"line":44,"column":1}},"12":{"start":{"line":24,"column":2},"end":{"line":24,"column":70}},"13":{"start":{"line":24,"column":35},"end":{"line":24,"column":70}},"14":{"start":{"line":25,"column":2},"end":{"line":25,"column":51}},"15":{"start":{"line":25,"column":16},"end":{"line":25,"column":51}},"16":{"start":{"line":27,"column":2},"end":{"line":27,"column":35}},"17":{"start":{"line":30,"column":2},"end":{"line":43,"column":17}},"18":{"start":{"line":34,"column":6},"end":{"line":34,"column":40}},"19":{"start":{"line":34,"column":18},"end":{"line":34,"column":40}},"20":{"start":{"line":36,"column":6},"end":{"line":38,"column":7}},"21":{"start":{"line":37,"column":8},"end":{"line":37,"column":39}},"22":{"start":{"line":40,"column":6},"end":{"line":40,"column":26}},"23":{"start":{"line":42,"column":21},"end":{"line":42,"column":36}},"24":{"start":{"line":46,"column":0},"end":{"line":57,"column":1}},"25":{"start":{"line":47,"column":2},"end":{"line":56,"column":17}},"26":{"start":{"line":52,"column":6},"end":{"line":52,"column":40}},"27":{"start":{"line":52,"column":18},"end":{"line":52,"column":40}},"28":{"start":{"line":54,"column":6},"end":{"line":54,"column":22}},"29":{"start":{"line":59,"column":0},"end":{"line":71,"column":1}},"30":{"start":{"line":60,"column":2},"end":{"line":60,"column":40}},"31":{"start":{"line":61,"column":2},"end":{"line":70,"column":17}},"32":{"start":{"line":65,"column":6},"end":{"line":65,"column":40}},"33":{"start":{"line":65,"column":18},"end":{"line":65,"column":40}},"34":{"start":{"line":67,"column":6},"end":{"line":67,"column":28}},"35":{"start":{"line":69,"column":16},"end":{"line":69,"column":37}},"36":{"start":{"line":73,"column":0},"end":{"line":90,"column":1}},"37":{"start":{"line":75,"column":2},"end":{"line":75,"column":32}},"38":{"start":{"line":77,"column":2},"end":{"line":89,"column":17}},"39":{"start":{"line":81,"column":6},"end":{"line":81,"column":40}},"40":{"start":{"line":81,"column":18},"end":{"line":81,"column":40}},"41":{"start":{"line":83,"column":6},"end":{"line":83,"column":54}},"42":{"start":{"line":84,"column":6},"end":{"line":84,"column":35}},"43":{"start":{"line":86,"column":6},"end":{"line":87,"column":39}},"44":{"start":{"line":87,"column":20},"end":{"line":87,"column":37}},"45":{"start":{"line":92,"column":0},"end":{"line":106,"column":1}},"46":{"start":{"line":93,"column":2},"end":{"line":105,"column":17}},"47":{"start":{"line":97,"column":6},"end":{"line":97,"column":40}},"48":{"start":{"line":97,"column":18},"end":{"line":97,"column":40}},"49":{"start":{"line":99,"column":6},"end":{"line":99,"column":62}},"50":{"start":{"line":100,"column":6},"end":{"line":100,"column":23}},"51":{"start":{"line":102,"column":6},"end":{"line":102,"column":26}},"52":{"start":{"line":104,"column":16},"end":{"line":104,"column":37}},"53":{"start":{"line":108,"column":0},"end":{"line":116,"column":2}}},"branchMap":{"1":{"line":14,"type":"if","locations":[{"start":{"line":14,"column":2},"end":{"line":14,"column":2}},{"start":{"line":14,"column":2},"end":{"line":14,"column":2}}]},"2":{"line":24,"type":"if","locations":[{"start":{"line":24,"column":2},"end":{"line":24,"column":2}},{"start":{"line":24,"column":2},"end":{"line":24,"column":2}}]},"3":{"line":25,"type":"if","locations":[{"start":{"line":25,"column":2},"end":{"line":25,"column":2}},{"start":{"line":25,"column":2},"end":{"line":25,"column":2}}]},"4":{"line":34,"type":"if","locations":[{"start":{"line":34,"column":6},"end":{"line":34,"column":6}},{"start":{"line":34,"column":6},"end":{"line":34,"column":6}}]},"5":{"line":52,"type":"if","locations":[{"start":{"line":52,"column":6},"end":{"line":52,"column":6}},{"start":{"line":52,"column":6},"end":{"line":52,"column":6}}]},"6":{"line":65,"type":"if","locations":[{"start":{"line":65,"column":6},"end":{"line":65,"column":6}},{"start":{"line":65,"column":6},"end":{"line":65,"column":6}}]},"7":{"line":81,"type":"if","locations":[{"start":{"line":81,"column":6},"end":{"line":81,"column":6}},{"start":{"line":81,"column":6},"end":{"line":81,"column":6}}]},"8":{"line":97,"type":"if","locations":[{"start":{"line":97,"column":6},"end":{"line":97,"column":6}},{"start":{"line":97,"column":6},"end":{"line":97,"column":6}}]}}},"/Users/maxeskell/Development/wdi-group-project/models/trail.js":{"path":"/Users/maxeskell/Development/wdi-group-project/models/trail.js","s":{"1":1,"2":1,"3":1,"4":1,"5":1,"6":8,"7":8,"8":1,"9":6,"10":0,"11":6,"12":6,"13":0,"14":1,"15":8,"16":0,"17":8,"18":1,"19":1,"20":1,"21":1,"22":1},"b":{"1":[0,6],"2":[6,0],"3":[0,8],"4":[8,8],"5":[1,0]},"f":{"1":8,"2":6,"3":8,"4":1},"fnMap":{"1":{"name":"getPreviousImage","line":53,"loc":{"start":{"line":53,"column":7},"end":{"line":53,"column":40}}},"2":{"name":"getImageSRC","line":60,"loc":{"start":{"line":60,"column":7},"end":{"line":60,"column":30}}},"3":{"name":"checkPreviousImage","line":66,"loc":{"start":{"line":66,"column":24},"end":{"line":66,"column":58}}},"4":{"name":"removeImage","line":75,"loc":{"start":{"line":75,"column":26},"end":{"line":75,"column":53}}}},"statementMap":{"1":{"start":{"line":1,"column":0},"end":{"line":1,"column":37}},"2":{"start":{"line":2,"column":0},"end":{"line":2,"column":32}},"3":{"start":{"line":4,"column":0},"end":{"line":14,"column":3}},"4":{"start":{"line":16,"column":0},"end":{"line":49,"column":3}},"5":{"start":{"line":51,"column":0},"end":{"line":56,"column":5}},"6":{"start":{"line":54,"column":4},"end":{"line":54,"column":29}},"7":{"start":{"line":55,"column":4},"end":{"line":55,"column":17}},"8":{"start":{"line":58,"column":0},"end":{"line":64,"column":5}},"9":{"start":{"line":61,"column":4},"end":{"line":61,"column":33}},"10":{"start":{"line":61,"column":21},"end":{"line":61,"column":33}},"11":{"start":{"line":62,"column":4},"end":{"line":62,"column":53}},"12":{"start":{"line":62,"column":35},"end":{"line":62,"column":53}},"13":{"start":{"line":63,"column":4},"end":{"line":63,"column":82}},"14":{"start":{"line":66,"column":0},"end":{"line":73,"column":3}},"15":{"start":{"line":67,"column":2},"end":{"line":71,"column":3}},"16":{"start":{"line":68,"column":4},"end":{"line":70,"column":13}},"17":{"start":{"line":72,"column":2},"end":{"line":72,"column":9}},"18":{"start":{"line":75,"column":0},"end":{"line":80,"column":3}},"19":{"start":{"line":76,"column":2},"end":{"line":78,"column":11}},"20":{"start":{"line":76,"column":18},"end":{"line":78,"column":11}},"21":{"start":{"line":79,"column":2},"end":{"line":79,"column":9}},"22":{"start":{"line":82,"column":0},"end":{"line":82,"column":54}}},"branchMap":{"1":{"line":61,"type":"if","locations":[{"start":{"line":61,"column":4},"end":{"line":61,"column":4}},{"start":{"line":61,"column":4},"end":{"line":61,"column":4}}]},"2":{"line":62,"type":"if","locations":[{"start":{"line":62,"column":4},"end":{"line":62,"column":4}},{"start":{"line":62,"column":4},"end":{"line":62,"column":4}}]},"3":{"line":67,"type":"if","locations":[{"start":{"line":67,"column":2},"end":{"line":67,"column":2}},{"start":{"line":67,"column":2},"end":{"line":67,"column":2}}]},"4":{"line":67,"type":"binary-expr","locations":[{"start":{"line":67,"column":6},"end":{"line":67,"column":30}},{"start":{"line":67,"column":34},"end":{"line":67,"column":45}}]},"5":{"line":76,"type":"if","locations":[{"start":{"line":76,"column":2},"end":{"line":76,"column":2}},{"start":{"line":76,"column":2},"end":{"line":76,"column":2}}]}}},"/Users/maxeskell/Development/wdi-group-project/lib/s3.js":{"path":"/Users/maxeskell/Development/wdi-group-project/lib/s3.js","s":{"1":1,"2":1},"b":{},"f":{},"fnMap":{},"statementMap":{"1":{"start":{"line":1,"column":0},"end":{"line":1,"column":41}},"2":{"start":{"line":3,"column":0},"end":{"line":12,"column":3}}},"branchMap":{}},"/Users/maxeskell/Development/wdi-group-project/controllers/users.js":{"path":"/Users/maxeskell/Development/wdi-group-project/controllers/users.js","s":{"1":1,"2":1,"3":0,"4":0,"5":0,"6":0,"7":1,"8":0,"9":0,"10":0,"11":0,"12":0,"13":0,"14":0,"15":0,"16":0,"17":1,"18":0,"19":0,"20":0,"21":0,"22":0,"23":1},"b":{"1":[0,0],"2":[0,0],"3":[0,0],"4":[0,0]},"f":{"1":0,"2":0,"3":0},"fnMap":{"1":{"name":"userShow","line":4,"loc":{"start":{"line":4,"column":0},"end":{"line":4,"column":34}}},"2":{"name":"userUpdate","line":18,"loc":{"start":{"line":18,"column":0},"end":{"line":18,"column":36}}},"3":{"name":"userDelete","line":37,"loc":{"start":{"line":37,"column":0},"end":{"line":37,"column":36}}}},"statementMap":{"1":{"start":{"line":1,"column":0},"end":{"line":1,"column":39}},"2":{"start":{"line":4,"column":0},"end":{"line":16,"column":1}},"3":{"start":{"line":5,"column":2},"end":{"line":14,"column":17}},"4":{"start":{"line":10,"column":6},"end":{"line":10,"column":39}},"5":{"start":{"line":10,"column":17},"end":{"line":10,"column":39}},"6":{"start":{"line":12,"column":6},"end":{"line":12,"column":21}},"7":{"start":{"line":18,"column":0},"end":{"line":35,"column":1}},"8":{"start":{"line":19,"column":2},"end":{"line":19,"column":45}},"9":{"start":{"line":19,"column":15},"end":{"line":19,"column":45}},"10":{"start":{"line":21,"column":2},"end":{"line":34,"column":17}},"11":{"start":{"line":25,"column":6},"end":{"line":25,"column":39}},"12":{"start":{"line":25,"column":17},"end":{"line":25,"column":39}},"13":{"start":{"line":27,"column":6},"end":{"line":29,"column":7}},"14":{"start":{"line":28,"column":8},"end":{"line":28,"column":38}},"15":{"start":{"line":31,"column":6},"end":{"line":31,"column":25}},"16":{"start":{"line":33,"column":20},"end":{"line":33,"column":34}},"17":{"start":{"line":37,"column":0},"end":{"line":48,"column":1}},"18":{"start":{"line":38,"column":2},"end":{"line":47,"column":17}},"19":{"start":{"line":42,"column":6},"end":{"line":42,"column":39}},"20":{"start":{"line":42,"column":17},"end":{"line":42,"column":39}},"21":{"start":{"line":44,"column":6},"end":{"line":44,"column":27}},"22":{"start":{"line":46,"column":16},"end":{"line":46,"column":37}},"23":{"start":{"line":50,"column":0},"end":{"line":54,"column":2}}},"branchMap":{"1":{"line":10,"type":"if","locations":[{"start":{"line":10,"column":6},"end":{"line":10,"column":6}},{"start":{"line":10,"column":6},"end":{"line":10,"column":6}}]},"2":{"line":19,"type":"if","locations":[{"start":{"line":19,"column":2},"end":{"line":19,"column":2}},{"start":{"line":19,"column":2},"end":{"line":19,"column":2}}]},"3":{"line":25,"type":"if","locations":[{"start":{"line":25,"column":6},"end":{"line":25,"column":6}},{"start":{"line":25,"column":6},"end":{"line":25,"column":6}}]},"4":{"line":42,"type":"if","locations":[{"start":{"line":42,"column":6},"end":{"line":42,"column":6}},{"start":{"line":42,"column":6},"end":{"line":42,"column":6}}]}}},"/Users/maxeskell/Development/wdi-group-project/models/user.js":{"path":"/Users/maxeskell/Development/wdi-group-project/models/user.js","s":{"1":1,"2":1,"3":1,"4":1,"5":1,"6":12,"7":1,"8":8,"9":0,"10":8,"11":8,"12":0,"13":1,"14":13,"15":1,"16":13,"17":0,"18":13,"19":1,"20":12,"21":12,"22":12,"23":1,"24":2,"25":1,"26":10,"27":10,"28":1,"29":12,"30":0,"31":12,"32":1,"33":0,"34":0,"35":0,"36":1,"37":0,"38":0,"39":1},"b":{"1":[0,8],"2":[8,0],"3":[1,12],"4":[13,1,1],"5":[0,13],"6":[13,12],"7":[12,0],"8":[0,12],"9":[12,10],"10":[0,0]},"f":{"1":12,"2":8,"3":13,"4":12,"5":2,"6":10,"7":12,"8":0,"9":0},"fnMap":{"1":{"name":"setPasswordConfirmation","line":44,"loc":{"start":{"line":44,"column":7},"end":{"line":44,"column":62}}},"2":{"name":"getImageSRC","line":50,"loc":{"start":{"line":50,"column":7},"end":{"line":50,"column":30}}},"3":{"name":"checkPassword","line":56,"loc":{"start":{"line":56,"column":27},"end":{"line":56,"column":56}}},"4":{"name":"hashPassword","line":66,"loc":{"start":{"line":66,"column":23},"end":{"line":66,"column":51}}},"5":{"name":"validatePassword","line":73,"loc":{"start":{"line":73,"column":38},"end":{"line":73,"column":74}}},"6":{"name":"getPreviousImage","line":79,"loc":{"start":{"line":79,"column":7},"end":{"line":79,"column":40}}},"7":{"name":"checkPreviousImage","line":85,"loc":{"start":{"line":85,"column":23},"end":{"line":85,"column":57}}},"8":{"name":"removeImage","line":94,"loc":{"start":{"line":94,"column":25},"end":{"line":94,"column":52}}},"9":{"name":"removeUserTrail","line":101,"loc":{"start":{"line":101,"column":25},"end":{"line":101,"column":56}}}},"statementMap":{"1":{"start":{"line":1,"column":0},"end":{"line":1,"column":37}},"2":{"start":{"line":2,"column":0},"end":{"line":2,"column":33}},"3":{"start":{"line":3,"column":0},"end":{"line":3,"column":32}},"4":{"start":{"line":6,"column":0},"end":{"line":40,"column":3}},"5":{"start":{"line":42,"column":0},"end":{"line":46,"column":5}},"6":{"start":{"line":45,"column":4},"end":{"line":45,"column":54}},"7":{"start":{"line":48,"column":0},"end":{"line":54,"column":5}},"8":{"start":{"line":51,"column":4},"end":{"line":51,"column":33}},"9":{"start":{"line":51,"column":21},"end":{"line":51,"column":33}},"10":{"start":{"line":52,"column":4},"end":{"line":52,"column":53}},"11":{"start":{"line":52,"column":35},"end":{"line":52,"column":53}},"12":{"start":{"line":53,"column":4},"end":{"line":53,"column":82}},"13":{"start":{"line":56,"column":0},"end":{"line":64,"column":3}},"14":{"start":{"line":57,"column":2},"end":{"line":59,"column":3}},"15":{"start":{"line":58,"column":4},"end":{"line":58,"column":44}},"16":{"start":{"line":60,"column":2},"end":{"line":62,"column":3}},"17":{"start":{"line":61,"column":4},"end":{"line":61,"column":62}},"18":{"start":{"line":63,"column":2},"end":{"line":63,"column":9}},"19":{"start":{"line":66,"column":0},"end":{"line":71,"column":3}},"20":{"start":{"line":67,"column":2},"end":{"line":69,"column":3}},"21":{"start":{"line":68,"column":4},"end":{"line":68,"column":74}},"22":{"start":{"line":70,"column":2},"end":{"line":70,"column":9}},"23":{"start":{"line":73,"column":0},"end":{"line":75,"column":2}},"24":{"start":{"line":74,"column":2},"end":{"line":74,"column":53}},"25":{"start":{"line":77,"column":0},"end":{"line":82,"column":5}},"26":{"start":{"line":80,"column":4},"end":{"line":80,"column":29}},"27":{"start":{"line":81,"column":4},"end":{"line":81,"column":17}},"28":{"start":{"line":85,"column":0},"end":{"line":92,"column":3}},"29":{"start":{"line":86,"column":2},"end":{"line":90,"column":3}},"30":{"start":{"line":87,"column":4},"end":{"line":89,"column":13}},"31":{"start":{"line":91,"column":2},"end":{"line":91,"column":9}},"32":{"start":{"line":94,"column":0},"end":{"line":99,"column":3}},"33":{"start":{"line":95,"column":2},"end":{"line":97,"column":11}},"34":{"start":{"line":95,"column":18},"end":{"line":97,"column":11}},"35":{"start":{"line":98,"column":2},"end":{"line":98,"column":9}},"36":{"start":{"line":101,"column":0},"end":{"line":119,"column":3}},"37":{"start":{"line":102,"column":2},"end":{"line":118,"column":17}},"38":{"start":{"line":107,"column":6},"end":{"line":115,"column":9}},"39":{"start":{"line":123,"column":0},"end":{"line":123,"column":52}}},"branchMap":{"1":{"line":51,"type":"if","locations":[{"start":{"line":51,"column":4},"end":{"line":51,"column":4}},{"start":{"line":51,"column":4},"end":{"line":51,"column":4}}]},"2":{"line":52,"type":"if","locations":[{"start":{"line":52,"column":4},"end":{"line":52,"column":4}},{"start":{"line":52,"column":4},"end":{"line":52,"column":4}}]},"3":{"line":57,"type":"if","locations":[{"start":{"line":57,"column":2},"end":{"line":57,"column":2}},{"start":{"line":57,"column":2},"end":{"line":57,"column":2}}]},"4":{"line":57,"type":"binary-expr","locations":[{"start":{"line":57,"column":6},"end":{"line":57,"column":20}},{"start":{"line":57,"column":24},"end":{"line":57,"column":40}},{"start":{"line":57,"column":44},"end":{"line":57,"column":58}}]},"5":{"line":60,"type":"if","locations":[{"start":{"line":60,"column":2},"end":{"line":60,"column":2}},{"start":{"line":60,"column":2},"end":{"line":60,"column":2}}]},"6":{"line":60,"type":"binary-expr","locations":[{"start":{"line":60,"column":6},"end":{"line":60,"column":33}},{"start":{"line":60,"column":37},"end":{"line":60,"column":81}}]},"7":{"line":67,"type":"if","locations":[{"start":{"line":67,"column":2},"end":{"line":67,"column":2}},{"start":{"line":67,"column":2},"end":{"line":67,"column":2}}]},"8":{"line":86,"type":"if","locations":[{"start":{"line":86,"column":2},"end":{"line":86,"column":2}},{"start":{"line":86,"column":2},"end":{"line":86,"column":2}}]},"9":{"line":86,"type":"binary-expr","locations":[{"start":{"line":86,"column":6},"end":{"line":86,"column":30}},{"start":{"line":86,"column":34},"end":{"line":86,"column":45}}]},"10":{"line":95,"type":"if","locations":[{"start":{"line":95,"column":2},"end":{"line":95,"column":2}},{"start":{"line":95,"column":2},"end":{"line":95,"column":2}}]}}},"/Users/maxeskell/Development/wdi-group-project/controllers/auth.js":{"path":"/Users/maxeskell/Development/wdi-group-project/controllers/auth.js","s":{"1":1,"2":1,"3":1,"4":1,"5":2,"6":1,"7":1,"8":2,"9":2,"10":1,"11":1,"12":1,"13":1},"b":{"1":[1,1],"2":[2,2]},"f":{"1":2,"2":2},"fnMap":{"1":{"name":"register","line":7,"loc":{"start":{"line":7,"column":0},"end":{"line":7,"column":34}}},"2":{"name":"login","line":16,"loc":{"start":{"line":16,"column":0},"end":{"line":16,"column":31}}}},"statementMap":{"1":{"start":{"line":1,"column":0},"end":{"line":1,"column":39}},"2":{"start":{"line":2,"column":0},"end":{"line":2,"column":36}},"3":{"start":{"line":3,"column":0},"end":{"line":5,"column":37}},"4":{"start":{"line":7,"column":0},"end":{"line":14,"column":1}},"5":{"start":{"line":8,"column":2},"end":{"line":13,"column":17}},"6":{"start":{"line":10,"column":16},"end":{"line":12,"column":6}},"7":{"start":{"line":16,"column":0},"end":{"line":35,"column":1}},"8":{"start":{"line":17,"column":2},"end":{"line":34,"column":17}},"9":{"start":{"line":22,"column":6},"end":{"line":22,"column":88}},"10":{"start":{"line":22,"column":62},"end":{"line":22,"column":88}},"11":{"start":{"line":24,"column":6},"end":{"line":28,"column":9}},"12":{"start":{"line":29,"column":6},"end":{"line":32,"column":9}},"13":{"start":{"line":37,"column":0},"end":{"line":40,"column":2}}},"branchMap":{"1":{"line":22,"type":"if","locations":[{"start":{"line":22,"column":6},"end":{"line":22,"column":6}},{"start":{"line":22,"column":6},"end":{"line":22,"column":6}}]},"2":{"line":22,"type":"binary-expr","locations":[{"start":{"line":22,"column":10},"end":{"line":22,"column":15}},{"start":{"line":22,"column":19},"end":{"line":22,"column":60}}]}}},"/Users/maxeskell/Development/wdi-group-project/controllers/oauth.js":{"path":"/Users/maxeskell/Development/wdi-group-project/controllers/oauth.js","s":{"1":1,"2":1,"3":1,"4":1,"5":1,"6":1,"7":0,"8":0,"9":0,"10":0,"11":0,"12":0,"13":0,"14":0,"15":0,"16":0,"17":0,"18":1,"19":0,"20":0,"21":0,"22":0,"23":0,"24":0,"25":0,"26":0,"27":0,"28":0,"29":0,"30":0,"31":0,"32":1},"b":{"1":[0,0],"2":[0,0]},"f":{"1":0,"2":0},"fnMap":{"1":{"name":"github","line":10,"loc":{"start":{"line":10,"column":0},"end":{"line":10,"column":32}}},"2":{"name":"facebook","line":72,"loc":{"start":{"line":72,"column":0},"end":{"line":72,"column":34}}}},"statementMap":{"1":{"start":{"line":1,"column":0},"end":{"line":1,"column":38}},"2":{"start":{"line":2,"column":0},"end":{"line":2,"column":41}},"3":{"start":{"line":3,"column":0},"end":{"line":3,"column":39}},"4":{"start":{"line":4,"column":0},"end":{"line":4,"column":36}},"5":{"start":{"line":5,"column":0},"end":{"line":7,"column":37}},"6":{"start":{"line":10,"column":0},"end":{"line":70,"column":1}},"7":{"start":{"line":11,"column":2},"end":{"line":69,"column":15}},"8":{"start":{"line":22,"column":4},"end":{"line":30,"column":7}},"9":{"start":{"line":33,"column":4},"end":{"line":53,"column":7}},"10":{"start":{"line":43,"column":6},"end":{"line":48,"column":7}},"11":{"start":{"line":44,"column":8},"end":{"line":47,"column":11}},"12":{"start":{"line":50,"column":6},"end":{"line":50,"column":33}},"13":{"start":{"line":51,"column":6},"end":{"line":51,"column":38}},"14":{"start":{"line":52,"column":6},"end":{"line":52,"column":25}},"15":{"start":{"line":56,"column":4},"end":{"line":58,"column":6}},"16":{"start":{"line":59,"column":4},"end":{"line":61,"column":7}},"17":{"start":{"line":63,"column":4},"end":{"line":66,"column":7}},"18":{"start":{"line":72,"column":0},"end":{"line":131,"column":1}},"19":{"start":{"line":73,"column":2},"end":{"line":130,"column":15}},"20":{"start":{"line":85,"column":4},"end":{"line":91,"column":7}},"21":{"start":{"line":94,"column":4},"end":{"line":94,"column":25}},"22":{"start":{"line":95,"column":4},"end":{"line":114,"column":7}},"23":{"start":{"line":105,"column":6},"end":{"line":110,"column":7}},"24":{"start":{"line":106,"column":8},"end":{"line":109,"column":11}},"25":{"start":{"line":111,"column":6},"end":{"line":111,"column":35}},"26":{"start":{"line":112,"column":6},"end":{"line":112,"column":44}},"27":{"start":{"line":113,"column":6},"end":{"line":113,"column":25}},"28":{"start":{"line":117,"column":4},"end":{"line":117,"column":22}},"29":{"start":{"line":118,"column":4},"end":{"line":120,"column":6}},"30":{"start":{"line":121,"column":4},"end":{"line":123,"column":7}},"31":{"start":{"line":125,"column":4},"end":{"line":128,"column":7}},"32":{"start":{"line":133,"column":0},"end":{"line":136,"column":2}}},"branchMap":{"1":{"line":43,"type":"if","locations":[{"start":{"line":43,"column":6},"end":{"line":43,"column":6}},{"start":{"line":43,"column":6},"end":{"line":43,"column":6}}]},"2":{"line":105,"type":"if","locations":[{"start":{"line":105,"column":6},"end":{"line":105,"column":6}},{"start":{"line":105,"column":6},"end":{"line":105,"column":6}}]}}},"/Users/maxeskell/Development/wdi-group-project/config/oauth.js":{"path":"/Users/maxeskell/Development/wdi-group-project/config/oauth.js","s":{"1":1},"b":{},"f":{},"fnMap":{},"statementMap":{"1":{"start":{"line":1,"column":0},"end":{"line":20,"column":2}}},"branchMap":{}},"/Users/maxeskell/Development/wdi-group-project/lib/imageUpload.js":{"path":"/Users/maxeskell/Development/wdi-group-project/lib/imageUpload.js","s":{"1":1,"2":1,"3":1,"4":3,"5":3,"6":0,"7":0,"8":0,"9":0,"10":0,"11":0,"12":0,"13":0,"14":0,"15":1},"b":{"1":[3,0],"2":[0,0]},"f":{"1":3},"fnMap":{"1":{"name":"imageUpload","line":4,"loc":{"start":{"line":4,"column":0},"end":{"line":4,"column":37}}}},"statementMap":{"1":{"start":{"line":1,"column":0},"end":{"line":1,"column":27}},"2":{"start":{"line":2,"column":0},"end":{"line":2,"column":29}},"3":{"start":{"line":4,"column":0},"end":{"line":26,"column":1}},"4":{"start":{"line":5,"column":2},"end":{"line":5,"column":37}},"5":{"start":{"line":5,"column":23},"end":{"line":5,"column":37}},"6":{"start":{"line":7,"column":2},"end":{"line":7,"column":62}},"7":{"start":{"line":8,"column":2},"end":{"line":8,"column":59}},"8":{"start":{"line":9,"column":2},"end":{"line":9,"column":51}},"9":{"start":{"line":10,"column":2},"end":{"line":10,"column":47}},"10":{"start":{"line":12,"column":2},"end":{"line":25,"column":5}},"11":{"start":{"line":17,"column":4},"end":{"line":17,"column":29}},"12":{"start":{"line":17,"column":12},"end":{"line":17,"column":29}},"13":{"start":{"line":19,"column":4},"end":{"line":22,"column":6}},"14":{"start":{"line":24,"column":4},"end":{"line":24,"column":11}},"15":{"start":{"line":28,"column":0},"end":{"line":28,"column":29}}},"branchMap":{"1":{"line":5,"type":"if","locations":[{"start":{"line":5,"column":2},"end":{"line":5,"column":2}},{"start":{"line":5,"column":2},"end":{"line":5,"column":2}}]},"2":{"line":17,"type":"if","locations":[{"start":{"line":17,"column":4},"end":{"line":17,"column":4}},{"start":{"line":17,"column":4},"end":{"line":17,"column":4}}]}}},"/Users/maxeskell/Development/wdi-group-project/lib/secureRoute.js":{"path":"/Users/maxeskell/Development/wdi-group-project/lib/secureRoute.js","s":{"1":1,"2":1,"3":1,"4":1,"5":1,"6":4,"7":2,"8":2,"9":2,"10":2,"11":2,"12":0,"13":2,"14":2,"15":1},"b":{"1":[2,2],"2":[0,2]},"f":{"1":4},"fnMap":{"1":{"name":"secureRoute","line":8,"loc":{"start":{"line":8,"column":0},"end":{"line":8,"column":37}}}},"statementMap":{"1":{"start":{"line":1,"column":0},"end":{"line":1,"column":36}},"2":{"start":{"line":2,"column":0},"end":{"line":2,"column":58}},"3":{"start":{"line":3,"column":0},"end":{"line":5,"column":37}},"4":{"start":{"line":6,"column":0},"end":{"line":6,"column":39}},"5":{"start":{"line":8,"column":0},"end":{"line":24,"column":1}},"6":{"start":{"line":9,"column":2},"end":{"line":9,"column":60}},"7":{"start":{"line":9,"column":34},"end":{"line":9,"column":60}},"8":{"start":{"line":11,"column":2},"end":{"line":11,"column":65}},"9":{"start":{"line":13,"column":2},"end":{"line":23,"column":17}},"10":{"start":{"line":16,"column":6},"end":{"line":16,"column":43}},"11":{"start":{"line":19,"column":6},"end":{"line":19,"column":43}},"12":{"start":{"line":19,"column":17},"end":{"line":19,"column":43}},"13":{"start":{"line":20,"column":6},"end":{"line":20,"column":22}},"14":{"start":{"line":21,"column":6},"end":{"line":21,"column":20}},"15":{"start":{"line":26,"column":0},"end":{"line":26,"column":29}}},"branchMap":{"1":{"line":9,"type":"if","locations":[{"start":{"line":9,"column":2},"end":{"line":9,"column":2}},{"start":{"line":9,"column":2},"end":{"line":9,"column":2}}]},"2":{"line":19,"type":"if","locations":[{"start":{"line":19,"column":6},"end":{"line":19,"column":6}},{"start":{"line":19,"column":6},"end":{"line":19,"column":6}}]}}},"/Users/maxeskell/Development/wdi-group-project/controllers/darksky.js":{"path":"/Users/maxeskell/Development/wdi-group-project/controllers/darksky.js","s":{"1":1,"2":1,"3":0,"4":0,"5":1},"b":{},"f":{"1":0},"fnMap":{"1":{"name":"weather","line":3,"loc":{"start":{"line":3,"column":0},"end":{"line":3,"column":27}}}},"statementMap":{"1":{"start":{"line":1,"column":0},"end":{"line":1,"column":38}},"2":{"start":{"line":3,"column":0},"end":{"line":13,"column":1}},"3":{"start":{"line":4,"column":2},"end":{"line":12,"column":5}},"4":{"start":{"line":11,"column":4},"end":{"line":11,"column":45}},"5":{"start":{"line":15,"column":0},"end":{"line":17,"column":2}}},"branchMap":{}},"/Users/maxeskell/Development/wdi-group-project/lib/customResponses.js":{"path":"/Users/maxeskell/Development/wdi-group-project/lib/customResponses.js","s":{"1":1,"2":13,"3":0,"4":0,"5":0,"6":13,"7":0,"8":0,"9":0,"10":13,"11":3,"12":3,"13":3,"14":13,"15":1},"b":{},"f":{"1":13,"2":0,"3":0,"4":3},"fnMap":{"1":{"name":"customResponses","line":1,"loc":{"start":{"line":1,"column":0},"end":{"line":1,"column":41}}},"2":{"name":"notFound","line":2,"loc":{"start":{"line":2,"column":17},"end":{"line":2,"column":37}}},"3":{"name":"badRequest","line":9,"loc":{"start":{"line":9,"column":19},"end":{"line":9,"column":41}}},"4":{"name":"unauthorized","line":16,"loc":{"start":{"line":16,"column":21},"end":{"line":16,"column":45}}}},"statementMap":{"1":{"start":{"line":1,"column":0},"end":{"line":24,"column":1}},"2":{"start":{"line":2,"column":2},"end":{"line":7,"column":4}},"3":{"start":{"line":3,"column":4},"end":{"line":3,"column":86}},"4":{"start":{"line":4,"column":4},"end":{"line":4,"column":21}},"5":{"start":{"line":6,"column":4},"end":{"line":6,"column":14}},"6":{"start":{"line":9,"column":2},"end":{"line":14,"column":4}},"7":{"start":{"line":10,"column":4},"end":{"line":10,"column":106}},"8":{"start":{"line":11,"column":4},"end":{"line":11,"column":21}},"9":{"start":{"line":13,"column":4},"end":{"line":13,"column":14}},"10":{"start":{"line":16,"column":2},"end":{"line":21,"column":4}},"11":{"start":{"line":17,"column":4},"end":{"line":17,"column":56}},"12":{"start":{"line":18,"column":4},"end":{"line":18,"column":21}},"13":{"start":{"line":20,"column":4},"end":{"line":20,"column":14}},"14":{"start":{"line":23,"column":2},"end":{"line":23,"column":9}},"15":{"start":{"line":26,"column":0},"end":{"line":26,"column":33}}},"branchMap":{}},"/Users/maxeskell/Development/wdi-group-project/lib/errorHandler.js":{"path":"/Users/maxeskell/Development/wdi-group-project/lib/errorHandler.js","s":{"1":1,"2":1,"3":4,"4":0,"5":4,"6":1,"7":1,"8":1,"9":4,"10":4,"11":4,"12":4,"13":4,"14":1},"b":{"1":[0,4],"2":[1,3],"3":[4,0],"4":[4,0]},"f":{"1":4},"fnMap":{"1":{"name":"errorHandler","line":3,"loc":{"start":{"line":3,"column":0},"end":{"line":3,"column":43}}}},"statementMap":{"1":{"start":{"line":1,"column":0},"end":{"line":1,"column":49}},"2":{"start":{"line":3,"column":0},"end":{"line":20,"column":1}},"3":{"start":{"line":5,"column":2},"end":{"line":5,"column":44}},"4":{"start":{"line":5,"column":27},"end":{"line":5,"column":44}},"5":{"start":{"line":7,"column":2},"end":{"line":11,"column":3}},"6":{"start":{"line":8,"column":4},"end":{"line":8,"column":21}},"7":{"start":{"line":9,"column":4},"end":{"line":9,"column":32}},"8":{"start":{"line":10,"column":4},"end":{"line":10,"column":32}},"9":{"start":{"line":13,"column":2},"end":{"line":13,"column":55}},"10":{"start":{"line":14,"column":2},"end":{"line":14,"column":33}},"11":{"start":{"line":16,"column":2},"end":{"line":16,"column":25}},"12":{"start":{"line":17,"column":2},"end":{"line":17,"column":57}},"13":{"start":{"line":19,"column":2},"end":{"line":19,"column":12}},"14":{"start":{"line":22,"column":0},"end":{"line":22,"column":30}}},"branchMap":{"1":{"line":5,"type":"if","locations":[{"start":{"line":5,"column":2},"end":{"line":5,"column":2}},{"start":{"line":5,"column":2},"end":{"line":5,"column":2}}]},"2":{"line":7,"type":"if","locations":[{"start":{"line":7,"column":2},"end":{"line":7,"column":2}},{"start":{"line":7,"column":2},"end":{"line":7,"column":2}}]},"3":{"line":13,"type":"binary-expr","locations":[{"start":{"line":13,"column":16},"end":{"line":13,"column":27}},{"start":{"line":13,"column":31},"end":{"line":13,"column":54}}]},"4":{"line":14,"type":"binary-expr","locations":[{"start":{"line":14,"column":15},"end":{"line":14,"column":25}},{"start":{"line":14,"column":29},"end":{"line":14,"column":32}}]}}}}