TN:
SF:/Users/maxeskell/Development/wdi-group-project/index.js
FNF:0
FNH:0
DA:1,1
DA:2,1
DA:3,1
DA:4,1
DA:5,1
DA:6,1
DA:7,1
DA:12,1
DA:13,1
DA:14,1
DA:16,1
DA:18,1
DA:20,1
DA:22,1
DA:23,1
DA:27,1
DA:28,1
DA:29,1
DA:31,1
DA:33,1
DA:35,1
LF:21
LH:21
BRDA:20,1,0,0
BRDA:20,1,1,1
BRF:2
BRH:1
end_of_record
TN:
SF:/Users/maxeskell/Development/wdi-group-project/lib/globalToJSON.js
FN:1,globalToJSON
FN:4,(anonymous_2)
FNF:2
FNH:2
FNDA:3,globalToJSON
FNDA:13,(anonymous_2)
DA:1,1
DA:2,3
DA:5,13
DA:6,13
DA:11,1
LF:5
LH:5
BRF:0
BRH:0
end_of_record
TN:
SF:/Users/maxeskell/Development/wdi-group-project/config/environment.js
FNF:0
FNH:0
DA:1,1
DA:2,1
DA:3,1
DA:4,1
DA:6,1
LF:5
LH:5
BRDA:1,1,0,1
BRDA:1,1,1,1
BRDA:2,2,0,1
BRDA:2,2,1,0
BRDA:3,3,0,1
BRDA:3,3,1,1
BRDA:4,4,0,1
BRDA:4,4,1,1
BRF:8
BRH:7
end_of_record
TN:
SF:/Users/maxeskell/Development/wdi-group-project/config/routes.js
FNF:0
FNH:0
DA:1,1
DA:2,1
DA:3,1
DA:4,1
DA:5,1
DA:6,1
DA:7,1
DA:9,1
DA:13,1
DA:19,1
DA:24,1
DA:27,1
DA:30,1
DA:33,1
DA:36,1
DA:39,1
DA:43,1
DA:45,1
LF:18
LH:18
BRF:0
BRH:0
end_of_record
TN:
SF:/Users/maxeskell/Development/wdi-group-project/controllers/trails.js
FN:3,indexRoute
FN:12,createRoute
FN:23,updateRoute
FN:45,showRoute
FN:58,deleteRoute
FN:71,addCommentRoute
FN:90,deleteCommentRoute
FNF:7
FNH:3
FNDA:4,indexRoute
FNDA:1,createRoute
FNDA:0,updateRoute
FNDA:1,showRoute
FNDA:0,deleteRoute
FNDA:0,addCommentRoute
FNDA:0,deleteCommentRoute
DA:1,1
DA:3,1
DA:4,4
DA:8,4
DA:12,1
DA:14,1
DA:15,1
DA:17,1
DA:19,1
DA:23,1
DA:25,0
DA:27,0
DA:29,0
DA:33,0
DA:35,0
DA:36,0
DA:39,0
DA:41,0
DA:45,1
DA:46,1
DA:51,1
DA:53,1
DA:58,1
DA:59,0
DA:63,0
DA:65,0
DA:67,0
DA:71,1
DA:73,0
DA:75,0
DA:79,0
DA:81,0
DA:82,0
DA:84,0
DA:85,0
DA:90,1
DA:91,0
DA:95,0
DA:97,0
DA:98,0
DA:100,0
DA:102,0
DA:106,1
LF:43
LH:18
BRDA:14,1,0,0
BRDA:14,1,1,1
BRDA:25,2,0,0
BRDA:25,2,1,0
BRDA:33,3,0,0
BRDA:33,3,1,0
BRDA:51,4,0,0
BRDA:51,4,1,1
BRDA:63,5,0,0
BRDA:63,5,1,0
BRDA:79,6,0,0
BRDA:79,6,1,0
BRDA:95,7,0,0
BRDA:95,7,1,0
BRF:14
BRH:2
end_of_record
TN:
SF:/Users/maxeskell/Development/wdi-group-project/models/trail.js
FN:44,getPreviousImage
FN:51,getImageSRC
FN:57,checkPreviousImage
FN:66,removeImage
FNF:4
FNH:3
FNDA:8,getPreviousImage
FNDA:6,getImageSRC
FNDA:8,checkPreviousImage
FNDA:0,removeImage
DA:1,1
DA:2,1
DA:4,1
DA:16,1
DA:42,1
DA:45,8
DA:46,8
DA:49,1
DA:52,6
DA:53,6
DA:54,0
DA:57,1
DA:58,8
DA:59,0
DA:63,8
DA:66,1
DA:67,0
DA:70,0
DA:73,1
LF:19
LH:15
BRDA:52,1,0,0
BRDA:52,1,1,6
BRDA:53,2,0,6
BRDA:53,2,1,0
BRDA:58,3,0,0
BRDA:58,3,1,8
BRDA:58,4,0,8
BRDA:58,4,1,8
BRDA:67,5,0,0
BRDA:67,5,1,0
BRF:10
BRH:5
end_of_record
TN:
SF:/Users/maxeskell/Development/wdi-group-project/lib/s3.js
FNF:0
FNH:0
DA:1,1
DA:3,1
LF:2
LH:2
BRF:0
BRH:0
end_of_record
TN:
SF:/Users/maxeskell/Development/wdi-group-project/controllers/users.js
FN:4,userShow
FN:18,userUpdate
FN:37,userDelete
FNF:3
FNH:0
FNDA:0,userShow
FNDA:0,userUpdate
FNDA:0,userDelete
DA:1,1
DA:4,1
DA:5,0
DA:10,0
DA:12,0
DA:18,1
DA:19,0
DA:21,0
DA:25,0
DA:27,0
DA:28,0
DA:31,0
DA:33,0
DA:37,1
DA:38,0
DA:42,0
DA:44,0
DA:46,0
DA:50,1
LF:19
LH:5
BRDA:10,1,0,0
BRDA:10,1,1,0
BRDA:19,2,0,0
BRDA:19,2,1,0
BRDA:25,3,0,0
BRDA:25,3,1,0
BRDA:42,4,0,0
BRDA:42,4,1,0
BRF:8
BRH:0
end_of_record
TN:
SF:/Users/maxeskell/Development/wdi-group-project/models/user.js
FN:37,setPasswordConfirmation
FN:43,getImageSRC
FN:49,checkPassword
FN:59,hashPassword
FN:66,validatePassword
FN:72,getPreviousImage
FN:78,checkPreviousImage
FN:87,removeImage
FN:94,removeUserTrail
FNF:9
FNH:6
FNDA:9,setPasswordConfirmation
FNDA:7,getImageSRC
FNDA:9,checkPassword
FNDA:9,hashPassword
FNDA:0,validatePassword
FNDA:9,getPreviousImage
FNDA:9,checkPreviousImage
FNDA:0,removeImage
FNDA:0,removeUserTrail
DA:1,1
DA:2,1
DA:3,1
DA:6,1
DA:35,1
DA:38,9
DA:41,1
DA:44,7
DA:45,7
DA:46,0
DA:49,1
DA:50,9
DA:51,0
DA:53,9
DA:54,0
DA:56,9
DA:59,1
DA:60,9
DA:61,9
DA:63,9
DA:66,1
DA:67,0
DA:70,1
DA:73,9
DA:74,9
DA:78,1
DA:79,9
DA:80,0
DA:84,9
DA:87,1
DA:88,0
DA:91,0
DA:94,1
DA:95,0
DA:100,0
DA:116,1
LF:36
LH:27
BRDA:44,1,0,0
BRDA:44,1,1,7
BRDA:45,2,0,7
BRDA:45,2,1,0
BRDA:50,3,0,0
BRDA:50,3,1,9
BRDA:50,4,0,9
BRDA:50,4,1,0
BRDA:50,4,2,0
BRDA:53,5,0,0
BRDA:53,5,1,9
BRDA:53,6,0,9
BRDA:53,6,1,9
BRDA:60,7,0,9
BRDA:60,7,1,0
BRDA:79,8,0,0
BRDA:79,8,1,9
BRDA:79,9,0,9
BRDA:79,9,1,9
BRDA:88,10,0,0
BRDA:88,10,1,0
BRF:21
BRH:11
end_of_record
TN:
SF:/Users/maxeskell/Development/wdi-group-project/controllers/auth.js
FN:7,register
FN:16,login
FNF:2
FNH:0
FNDA:0,register
FNDA:0,login
DA:1,1
DA:2,1
DA:3,1
DA:7,1
DA:8,0
DA:10,0
DA:16,1
DA:17,0
DA:22,0
DA:24,0
DA:29,0
DA:37,1
LF:12
LH:6
BRDA:22,1,0,0
BRDA:22,1,1,0
BRDA:22,2,0,0
BRDA:22,2,1,0
BRF:4
BRH:0
end_of_record
TN:
SF:/Users/maxeskell/Development/wdi-group-project/controllers/oauth.js
FN:10,github
FN:74,facebook
FNF:2
FNH:0
FNDA:0,github
FNDA:0,facebook
DA:1,1
DA:2,1
DA:3,1
DA:4,1
DA:5,1
DA:10,1
DA:11,0
DA:22,0
DA:33,0
DA:43,0
DA:44,0
DA:50,0
DA:51,0
DA:52,0
DA:56,0
DA:58,0
DA:61,0
DA:65,0
DA:74,1
DA:75,0
DA:87,0
DA:96,0
DA:97,0
DA:107,0
DA:108,0
DA:113,0
DA:114,0
DA:115,0
DA:119,0
DA:120,0
DA:123,0
DA:127,0
DA:135,1
LF:33
LH:8
BRDA:43,1,0,0
BRDA:43,1,1,0
BRDA:107,2,0,0
BRDA:107,2,1,0
BRF:4
BRH:0
end_of_record
TN:
SF:/Users/maxeskell/Development/wdi-group-project/config/oauth.js
FNF:0
FNH:0
DA:1,1
LF:1
LH:1
BRF:0
BRH:0
end_of_record
TN:
SF:/Users/maxeskell/Development/wdi-group-project/lib/imageUpload.js
FN:4,imageUpload
FNF:1
FNH:1
FNDA:1,imageUpload
DA:1,1
DA:2,1
DA:4,1
DA:5,1
DA:7,0
DA:8,0
DA:9,0
DA:10,0
DA:12,0
DA:17,0
DA:19,0
DA:24,0
DA:28,1
LF:13
LH:5
BRDA:5,1,0,1
BRDA:5,1,1,0
BRDA:17,2,0,0
BRDA:17,2,1,0
BRF:4
BRH:1
end_of_record
TN:
SF:/Users/maxeskell/Development/wdi-group-project/lib/secureRoute.js
FN:6,secureRoute
FNF:1
FNH:1
FNDA:3,secureRoute
DA:1,1
DA:2,1
DA:3,1
DA:4,1
DA:6,1
DA:7,3
DA:9,1
DA:11,1
DA:14,1
DA:17,1
DA:18,1
DA:19,1
DA:24,1
LF:13
LH:13
BRDA:7,1,0,2
BRDA:7,1,1,1
BRDA:17,2,0,0
BRDA:17,2,1,1
BRF:4
BRH:3
end_of_record
TN:
SF:/Users/maxeskell/Development/wdi-group-project/lib/customResponses.js
FN:1,customResponses
FN:2,notFound
FN:9,badRequest
FN:16,unauthorized
FNF:4
FNH:2
FNDA:8,customResponses
FNDA:0,notFound
FNDA:0,badRequest
FNDA:2,unauthorized
DA:1,1
DA:2,8
DA:3,0
DA:4,0
DA:6,0
DA:9,8
DA:10,0
DA:11,0
DA:13,0
DA:16,8
DA:17,2
DA:18,2
DA:20,2
DA:23,8
DA:26,1
LF:15
LH:9
BRF:0
BRH:0
end_of_record
TN:
SF:/Users/maxeskell/Development/wdi-group-project/lib/errorHandler.js
FN:1,errorHandler
FNF:1
FNH:1
FNDA:2,errorHandler
DA:1,1
DA:3,2
DA:4,0
DA:5,0
DA:6,0
DA:9,2
DA:10,2
DA:12,2
DA:13,2
DA:15,2
DA:18,1
LF:11
LH:8
BRDA:3,1,0,0
BRDA:3,1,1,2
BRDA:9,2,0,2
BRDA:9,2,1,0
BRDA:10,3,0,2
BRDA:10,3,1,0
BRF:6
BRH:3
end_of_record
