TN:
SF:/Users/maxeskell/Development/wdi-group-project/index.js
FNF:0
FNH:0
DA:1,1
DA:2,1
DA:3,1
DA:4,1
DA:5,1
DA:6,1
DA:7,1
DA:12,1
DA:13,1
DA:14,1
DA:16,1
DA:18,1
DA:20,1
DA:22,1
DA:23,1
DA:27,1
DA:28,1
DA:29,1
DA:31,1
DA:33,1
DA:35,1
LF:21
LH:21
BRDA:20,1,0,0
BRDA:20,1,1,1
BRF:2
BRH:1
end_of_record
TN:
SF:/Users/maxeskell/Development/wdi-group-project/lib/globalToJSON.js
FN:1,globalToJSON
FN:4,(anonymous_2)
FNF:2
FNH:2
FNDA:3,globalToJSON
FNDA:14,(anonymous_2)
DA:1,1
DA:2,3
DA:5,14
DA:6,14
DA:7,14
DA:12,1
LF:6
LH:6
BRF:0
BRH:0
end_of_record
TN:
SF:/Users/maxeskell/Development/wdi-group-project/config/environment.js
FNF:0
FNH:0
DA:1,1
DA:2,1
DA:3,1
DA:4,1
DA:6,1
LF:5
LH:5
BRDA:1,1,0,1
BRDA:1,1,1,1
BRDA:2,2,0,1
BRDA:2,2,1,0
BRDA:3,3,0,1
BRDA:3,3,1,1
BRDA:4,4,0,1
BRDA:4,4,1,1
BRF:8
BRH:7
end_of_record
TN:
SF:/Users/maxeskell/Development/wdi-group-project/config/routes.js
FNF:0
FNH:0
DA:1,1
DA:2,1
DA:3,1
DA:4,1
DA:5,1
DA:6,1
DA:7,1
DA:8,1
DA:10,1
DA:14,1
DA:20,1
DA:25,1
DA:28,1
DA:31,1
DA:34,1
DA:37,1
DA:40,1
DA:43,1
DA:49,1
DA:51,1
LF:20
LH:20
BRF:0
BRH:0
end_of_record
TN:
SF:/Users/maxeskell/Development/wdi-group-project/controllers/trails.js
FN:3,indexRoute
FN:12,createRoute
FN:23,updateRoute
FN:46,showRoute
FN:59,deleteRoute
FN:73,addCommentRoute
FN:92,deleteCommentRoute
FNF:7
FNH:4
FNDA:4,indexRoute
FNDA:1,createRoute
FNDA:0,updateRoute
FNDA:1,showRoute
FNDA:1,deleteRoute
FNDA:0,addCommentRoute
FNDA:0,deleteCommentRoute
DA:1,1
DA:3,1
DA:4,4
DA:8,4
DA:12,1
DA:14,1
DA:15,1
DA:17,1
DA:19,1
DA:23,1
DA:24,0
DA:25,0
DA:27,0
DA:30,0
DA:34,0
DA:36,0
DA:37,0
DA:40,0
DA:42,0
DA:46,1
DA:47,1
DA:52,1
DA:54,1
DA:59,1
DA:60,1
DA:61,1
DA:65,1
DA:67,1
DA:69,1
DA:73,1
DA:75,0
DA:77,0
DA:81,0
DA:83,0
DA:84,0
DA:86,0
DA:87,0
DA:92,1
DA:93,0
DA:97,0
DA:99,0
DA:100,0
DA:102,0
DA:104,0
DA:108,1
LF:45
LH:23
BRDA:14,1,0,0
BRDA:14,1,1,1
BRDA:24,2,0,0
BRDA:24,2,1,0
BRDA:25,3,0,0
BRDA:25,3,1,0
BRDA:34,4,0,0
BRDA:34,4,1,0
BRDA:52,5,0,0
BRDA:52,5,1,1
BRDA:65,6,0,0
BRDA:65,6,1,1
BRDA:81,7,0,0
BRDA:81,7,1,0
BRDA:97,8,0,0
BRDA:97,8,1,0
BRF:16
BRH:3
end_of_record
TN:
SF:/Users/maxeskell/Development/wdi-group-project/models/trail.js
FN:53,getPreviousImage
FN:60,getImageSRC
FN:66,checkPreviousImage
FN:75,removeImage
FNF:4
FNH:4
FNDA:8,getPreviousImage
FNDA:6,getImageSRC
FNDA:8,checkPreviousImage
FNDA:1,removeImage
DA:1,1
DA:2,1
DA:4,1
DA:16,1
DA:51,1
DA:54,8
DA:55,8
DA:58,1
DA:61,6
DA:62,6
DA:63,0
DA:66,1
DA:67,8
DA:68,0
DA:72,8
DA:75,1
DA:76,1
DA:79,1
DA:82,1
LF:19
LH:17
BRDA:61,1,0,0
BRDA:61,1,1,6
BRDA:62,2,0,6
BRDA:62,2,1,0
BRDA:67,3,0,0
BRDA:67,3,1,8
BRDA:67,4,0,8
BRDA:67,4,1,8
BRDA:76,5,0,1
BRDA:76,5,1,0
BRF:10
BRH:6
end_of_record
TN:
SF:/Users/maxeskell/Development/wdi-group-project/lib/s3.js
FNF:0
FNH:0
DA:1,1
DA:3,1
LF:2
LH:2
BRF:0
BRH:0
end_of_record
TN:
SF:/Users/maxeskell/Development/wdi-group-project/controllers/users.js
FN:4,userShow
FN:18,userUpdate
FN:37,userDelete
FNF:3
FNH:0
FNDA:0,userShow
FNDA:0,userUpdate
FNDA:0,userDelete
DA:1,1
DA:4,1
DA:5,0
DA:10,0
DA:12,0
DA:18,1
DA:19,0
DA:21,0
DA:25,0
DA:27,0
DA:28,0
DA:31,0
DA:33,0
DA:37,1
DA:38,0
DA:42,0
DA:44,0
DA:46,0
DA:50,1
LF:19
LH:5
BRDA:10,1,0,0
BRDA:10,1,1,0
BRDA:19,2,0,0
BRDA:19,2,1,0
BRDA:25,3,0,0
BRDA:25,3,1,0
BRDA:42,4,0,0
BRDA:42,4,1,0
BRF:8
BRH:0
end_of_record
TN:
SF:/Users/maxeskell/Development/wdi-group-project/models/user.js
FN:44,setPasswordConfirmation
FN:50,getImageSRC
FN:56,checkPassword
FN:66,hashPassword
FN:73,validatePassword
FN:79,getPreviousImage
FN:85,checkPreviousImage
FN:94,removeImage
FN:101,removeUserTrail
FNF:9
FNH:7
FNDA:12,setPasswordConfirmation
FNDA:8,getImageSRC
FNDA:13,checkPassword
FNDA:12,hashPassword
FNDA:2,validatePassword
FNDA:10,getPreviousImage
FNDA:12,checkPreviousImage
FNDA:0,removeImage
FNDA:0,removeUserTrail
DA:1,1
DA:2,1
DA:3,1
DA:6,1
DA:42,1
DA:45,12
DA:48,1
DA:51,8
DA:52,8
DA:53,0
DA:56,1
DA:57,13
DA:58,1
DA:60,13
DA:61,0
DA:63,13
DA:66,1
DA:67,12
DA:68,12
DA:70,12
DA:73,1
DA:74,2
DA:77,1
DA:80,10
DA:81,10
DA:85,1
DA:86,12
DA:87,0
DA:91,12
DA:94,1
DA:95,0
DA:98,0
DA:101,1
DA:102,0
DA:107,0
DA:123,1
LF:36
LH:29
BRDA:51,1,0,0
BRDA:51,1,1,8
BRDA:52,2,0,8
BRDA:52,2,1,0
BRDA:57,3,0,1
BRDA:57,3,1,12
BRDA:57,4,0,13
BRDA:57,4,1,1
BRDA:57,4,2,1
BRDA:60,5,0,0
BRDA:60,5,1,13
BRDA:60,6,0,13
BRDA:60,6,1,12
BRDA:67,7,0,12
BRDA:67,7,1,0
BRDA:86,8,0,0
BRDA:86,8,1,12
BRDA:86,9,0,12
BRDA:86,9,1,10
BRDA:95,10,0,0
BRDA:95,10,1,0
BRF:21
BRH:14
end_of_record
TN:
SF:/Users/maxeskell/Development/wdi-group-project/controllers/auth.js
FN:7,register
FN:16,login
FNF:2
FNH:2
FNDA:2,register
FNDA:2,login
DA:1,1
DA:2,1
DA:3,1
DA:7,1
DA:8,2
DA:10,1
DA:16,1
DA:17,2
DA:22,2
DA:24,1
DA:29,1
DA:37,1
LF:12
LH:12
BRDA:22,1,0,1
BRDA:22,1,1,1
BRDA:22,2,0,2
BRDA:22,2,1,2
BRF:4
BRH:4
end_of_record
TN:
SF:/Users/maxeskell/Development/wdi-group-project/controllers/oauth.js
FN:10,github
FN:72,facebook
FNF:2
FNH:0
FNDA:0,github
FNDA:0,facebook
DA:1,1
DA:2,1
DA:3,1
DA:4,1
DA:5,1
DA:10,1
DA:11,0
DA:22,0
DA:33,0
DA:43,0
DA:44,0
DA:50,0
DA:51,0
DA:52,0
DA:56,0
DA:59,0
DA:63,0
DA:72,1
DA:73,0
DA:85,0
DA:94,0
DA:95,0
DA:105,0
DA:106,0
DA:111,0
DA:112,0
DA:113,0
DA:117,0
DA:118,0
DA:121,0
DA:125,0
DA:133,1
LF:32
LH:8
BRDA:43,1,0,0
BRDA:43,1,1,0
BRDA:105,2,0,0
BRDA:105,2,1,0
BRF:4
BRH:0
end_of_record
TN:
SF:/Users/maxeskell/Development/wdi-group-project/config/oauth.js
FNF:0
FNH:0
DA:1,1
LF:1
LH:1
BRF:0
BRH:0
end_of_record
TN:
SF:/Users/maxeskell/Development/wdi-group-project/lib/imageUpload.js
FN:4,imageUpload
FNF:1
FNH:1
FNDA:3,imageUpload
DA:1,1
DA:2,1
DA:4,1
DA:5,3
DA:7,0
DA:8,0
DA:9,0
DA:10,0
DA:12,0
DA:17,0
DA:19,0
DA:24,0
DA:28,1
LF:13
LH:5
BRDA:5,1,0,3
BRDA:5,1,1,0
BRDA:17,2,0,0
BRDA:17,2,1,0
BRF:4
BRH:1
end_of_record
TN:
SF:/Users/maxeskell/Development/wdi-group-project/lib/secureRoute.js
FN:8,secureRoute
FNF:1
FNH:1
FNDA:4,secureRoute
DA:1,1
DA:2,1
DA:3,1
DA:6,1
DA:8,1
DA:9,4
DA:11,2
DA:13,2
DA:16,2
DA:19,2
DA:20,2
DA:21,2
DA:26,1
LF:13
LH:13
BRDA:9,1,0,2
BRDA:9,1,1,2
BRDA:19,2,0,0
BRDA:19,2,1,2
BRF:4
BRH:3
end_of_record
TN:
SF:/Users/maxeskell/Development/wdi-group-project/controllers/darksky.js
FN:3,weather
FNF:1
FNH:0
FNDA:0,weather
DA:1,1
DA:3,1
DA:4,0
DA:11,0
DA:15,1
LF:5
LH:3
BRF:0
BRH:0
end_of_record
TN:
SF:/Users/maxeskell/Development/wdi-group-project/lib/customResponses.js
FN:1,customResponses
FN:2,notFound
FN:9,badRequest
FN:16,unauthorized
FNF:4
FNH:2
FNDA:13,customResponses
FNDA:0,notFound
FNDA:0,badRequest
FNDA:3,unauthorized
DA:1,1
DA:2,13
DA:3,0
DA:4,0
DA:6,0
DA:9,13
DA:10,0
DA:11,0
DA:13,0
DA:16,13
DA:17,3
DA:18,3
DA:20,3
DA:23,13
DA:26,1
LF:15
LH:9
BRF:0
BRH:0
end_of_record
TN:
SF:/Users/maxeskell/Development/wdi-group-project/lib/errorHandler.js
FN:3,errorHandler
FNF:1
FNH:1
FNDA:4,errorHandler
DA:1,1
DA:3,1
DA:5,4
DA:7,4
DA:8,1
DA:9,1
DA:10,1
DA:13,4
DA:14,4
DA:16,4
DA:17,4
DA:19,4
DA:22,1
LF:13
LH:13
BRDA:5,1,0,0
BRDA:5,1,1,4
BRDA:7,2,0,1
BRDA:7,2,1,3
BRDA:13,3,0,4
BRDA:13,3,1,0
BRDA:14,4,0,4
BRDA:14,4,1,0
BRF:8
BRH:5
end_of_record
